19:37:06:154  INFO 5356 --- [main] com.hmall.pay.PayApplication             : Starting PayApplication using Java 11.0.12 on WWJT with PID 5356 (E:\Cursor\ProjectCode\hmall\pay-service\target\classes started by 23885 in E:\Cursor\ProjectCode\hmall)
19:37:06:159 DEBUG 5356 --- [main] com.hmall.pay.PayApplication             : Running with Spring Boot v2.7.12, Spring v5.3.27
19:37:06:160  INFO 5356 --- [main] com.hmall.pay.PayApplication             : The following 1 profile is active: "local"
19:37:06:931  INFO 5356 --- [main] o.s.cloud.context.scope.GenericScope     : BeanFactory id=3ca7418c-d5dd-3997-baa2-cb984f7a25f2
19:37:07:161  INFO 5356 --- [main] o.s.b.w.embedded.tomcat.TomcatWebServer  : Tomcat initialized with port(s): 8086 (http)
19:37:07:163  INFO 5356 --- [main] o.a.catalina.core.AprLifecycleListener   : Loaded Apache Tomcat Native library [1.3.0] using APR version [1.7.4].
19:37:07:163  INFO 5356 --- [main] o.a.catalina.core.AprLifecycleListener   : APR capabilities: IPv6 [true], sendfile [true], accept filters [false], random [true], UDS [true].
19:37:07:163  INFO 5356 --- [main] o.a.catalina.core.AprLifecycleListener   : APR/OpenSSL configuration: useAprConnector [false], useOpenSSL [true]
19:37:07:167  INFO 5356 --- [main] o.a.catalina.core.AprLifecycleListener   : OpenSSL successfully initialized [OpenSSL 3.0.13 30 Jan 2024]
19:37:07:174  INFO 5356 --- [main] o.apache.catalina.core.StandardService   : Starting service [Tomcat]
19:37:07:174  INFO 5356 --- [main] org.apache.catalina.core.StandardEngine  : Starting Servlet engine: [Apache Tomcat/9.0.75]
19:37:07:302  INFO 5356 --- [main] o.a.c.c.C.[Tomcat].[localhost].[/]       : Initializing Spring embedded WebApplicationContext
19:37:07:302  INFO 5356 --- [main] w.s.c.ServletWebServerApplicationContext : Root WebApplicationContext: initialization completed in 1113 ms
19:37:07:449  INFO 5356 --- [main] o.s.c.openfeign.FeignClientFactoryBean   : For 'user-service' URL not provided. Will try picking an instance via load-balancing.
19:37:07:500  INFO 5356 --- [main] o.s.c.openfeign.FeignClientFactoryBean   : For 'trade-service' URL not provided. Will try picking an instance via load-balancing.
19:37:11:954  INFO 5356 --- [main] o.s.cloud.commons.util.InetUtils         : Cannot determine local hostname
19:37:11:991  INFO 5356 --- [main] pertySourcedRequestMappingHandlerMapping : Mapped URL path [/v2/api-docs] onto method [springfox.documentation.swagger2.web.Swagger2ControllerWebMvc#getDocumentation(String, HttpServletRequest)]
19:37:14:165  INFO 5356 --- [main] o.s.cloud.commons.util.InetUtils         : Cannot determine local hostname
19:37:14:359  INFO 5356 --- [main] com.alibaba.nacos.common.remote.client   : [RpcClientFactory] create a new rpc client of 61508a55-0227-4096-a174-f758fb3b7ca6
19:37:14:410  INFO 5356 --- [main] org.reflections.Reflections              : Reflections took 33 ms to scan 1 urls, producing 3 keys and 6 values 
19:37:14:428  INFO 5356 --- [main] org.reflections.Reflections              : Reflections took 7 ms to scan 1 urls, producing 4 keys and 9 values 
19:37:14:435  INFO 5356 --- [main] org.reflections.Reflections              : Reflections took 5 ms to scan 1 urls, producing 3 keys and 10 values 
19:37:14:437  WARN 5356 --- [main] org.reflections.Reflections              : given scan urls are empty. set urls in the configuration
19:37:14:442  INFO 5356 --- [main] org.reflections.Reflections              : Reflections took 5 ms to scan 1 urls, producing 1 keys and 5 values 
19:37:14:452  INFO 5356 --- [main] org.reflections.Reflections              : Reflections took 8 ms to scan 1 urls, producing 1 keys and 7 values 
19:37:14:464  INFO 5356 --- [main] org.reflections.Reflections              : Reflections took 8 ms to scan 1 urls, producing 2 keys and 8 values 
19:37:14:468  WARN 5356 --- [main] org.reflections.Reflections              : given scan urls are empty. set urls in the configuration
19:37:14:469  INFO 5356 --- [main] com.alibaba.nacos.common.remote.client   : [61508a55-0227-4096-a174-f758fb3b7ca6] RpcClient init label, labels = {module=naming, source=sdk}
19:37:14:472  INFO 5356 --- [main] com.alibaba.nacos.common.remote.client   : [61508a55-0227-4096-a174-f758fb3b7ca6] RpcClient init, ServerListFactory = com.alibaba.nacos.client.naming.core.ServerListManager
19:37:14:472  INFO 5356 --- [main] com.alibaba.nacos.common.remote.client   : [61508a55-0227-4096-a174-f758fb3b7ca6] Registry connection listener to current client:com.alibaba.nacos.client.naming.remote.gprc.redo.NamingGrpcRedoService
19:37:14:473  INFO 5356 --- [main] com.alibaba.nacos.common.remote.client   : [61508a55-0227-4096-a174-f758fb3b7ca6] Register server push request handler:com.alibaba.nacos.client.naming.remote.gprc.NamingPushRequestHandler
19:37:14:475  INFO 5356 --- [main] com.alibaba.nacos.common.remote.client   : [61508a55-0227-4096-a174-f758fb3b7ca6] Try to connect to server on start up, server: {serverIp = '192.168.43.130', server main port = 8848}
19:37:17:789  INFO 5356 --- [main] com.alibaba.nacos.common.remote.client   : [61508a55-0227-4096-a174-f758fb3b7ca6] Success to connect to server [192.168.43.130:8848] on start up, connectionId = 1746704238517_192.168.43.100_55436
19:37:17:790  INFO 5356 --- [com.alibaba.nacos.client.remote.worker] com.alibaba.nacos.common.remote.client   : [61508a55-0227-4096-a174-f758fb3b7ca6] Notify connected event to listeners.
19:37:17:791  INFO 5356 --- [main] com.alibaba.nacos.common.remote.client   : [61508a55-0227-4096-a174-f758fb3b7ca6] Register server push request handler:com.alibaba.nacos.common.remote.client.RpcClient$ConnectResetRequestHandler
19:37:17:792  INFO 5356 --- [main] com.alibaba.nacos.common.remote.client   : [61508a55-0227-4096-a174-f758fb3b7ca6] Register server push request handler:com.alibaba.nacos.common.remote.client.RpcClient$$Lambda$1070/0x0000000800795840
19:37:17:892  INFO 5356 --- [main] o.s.b.w.embedded.tomcat.TomcatWebServer  : Tomcat started on port(s): 8086 (http) with context path ''
19:37:17:911  INFO 5356 --- [main] c.a.c.n.registry.NacosServiceRegistry    : nacos registry, DEFAULT_GROUP pay-service 192.168.81.1:8086 register finished
19:37:18:369  INFO 5356 --- [nacos-grpc-client-executor-8] com.alibaba.nacos.common.remote.client   : [61508a55-0227-4096-a174-f758fb3b7ca6] Receive server push request, request = NotifySubscriberRequest, requestId = 2
19:37:18:372  INFO 5356 --- [nacos-grpc-client-executor-8] com.alibaba.nacos.common.remote.client   : [61508a55-0227-4096-a174-f758fb3b7ca6] Ack server push request, request = NotifySubscriberRequest, requestId = 2
19:37:20:076  INFO 5356 --- [main] o.s.cloud.commons.util.InetUtils         : Cannot determine local hostname
19:37:20:076  INFO 5356 --- [main] d.s.w.p.DocumentationPluginsBootstrapper : Documentation plugins bootstrapped
19:37:20:080  INFO 5356 --- [main] d.s.w.p.DocumentationPluginsBootstrapper : Found 1 custom documentation plugin(s)
19:37:20:108  INFO 5356 --- [main] s.d.s.w.s.ApiListingReferenceScanner     : Scanning for api listing references
19:37:20:122  INFO 5356 --- [main] com.hmall.pay.PayApplication             : Started PayApplication in 16.266 seconds (JVM running for 17.419)
20:08:54:932  WARN 5356 --- [Thread-4] c.a.nacos.common.notify.NotifyCenter     : [NotifyCenter] Start destroying Publisher
20:08:54:932  WARN 5356 --- [Thread-7] c.a.n.common.http.HttpClientBeanHolder   : [HttpClientBeanHolder] Start destroying common HttpClient
20:08:54:933  WARN 5356 --- [Thread-4] c.a.nacos.common.notify.NotifyCenter     : [NotifyCenter] Destruction of the end
20:08:54:933  WARN 5356 --- [Thread-7] c.a.n.common.http.HttpClientBeanHolder   : [HttpClientBeanHolder] Destruction of the end
20:08:55:278  INFO 5356 --- [SpringApplicationShutdownHook] c.a.c.n.registry.NacosServiceRegistry    : De-registering from Nacos Server now...
20:08:55:283  INFO 5356 --- [SpringApplicationShutdownHook] c.a.c.n.registry.NacosServiceRegistry    : De-registration finished.
20:08:55:609  INFO 5356 --- [SpringApplicationShutdownHook] com.alibaba.nacos.common.remote.client   : Shutdown rpc client, set status to shutdown
20:08:55:609  INFO 5356 --- [SpringApplicationShutdownHook] com.alibaba.nacos.common.remote.client   : Shutdown client event executor java.util.concurrent.ScheduledThreadPoolExecutor@3f3b1796[Running, pool size = 2, active threads = 2, queued tasks = 0, completed tasks = 0]
20:08:55:609  INFO 5356 --- [SpringApplicationShutdownHook] com.alibaba.nacos.common.remote.client   : Close current connection 1746704238517_192.168.43.100_55436
20:08:55:610  INFO 5356 --- [nacos-grpc-client-executor-395] c.a.n.c.remote.client.grpc.GrpcClient    : [1746704238517_192.168.43.100_55436]Ignore complete event,isRunning:false,isAbandon=false
20:08:55:618  INFO 5356 --- [SpringApplicationShutdownHook] c.a.n.c.remote.client.grpc.GrpcClient    : Shutdown grpc executor java.util.concurrent.ThreadPoolExecutor@2be1b9f[Running, pool size = 5, active threads = 0, queued tasks = 0, completed tasks = 396]
20:32:40:453  INFO 14588 --- [main] com.hmall.pay.PayApplication             : Starting PayApplication using Java 11.0.12 on WWJT with PID 14588 (E:\Cursor\ProjectCode\hmall\pay-service\target\classes started by 23885 in E:\Cursor\ProjectCode\hmall)
20:32:40:455 DEBUG 14588 --- [main] com.hmall.pay.PayApplication             : Running with Spring Boot v2.7.12, Spring v5.3.27
20:32:40:455  INFO 14588 --- [main] com.hmall.pay.PayApplication             : The following 1 profile is active: "local"
20:32:40:632 ERROR 14588 --- [main] o.s.boot.SpringApplication               : Application run failed

java.lang.IllegalStateException: Unable to read meta-data for class com.hmall.common.config.MqConfig
	at org.springframework.boot.autoconfigure.AutoConfigurationSorter$AutoConfigurationClass.getAnnotationMetadata(AutoConfigurationSorter.java:237) ~[spring-boot-autoconfigure-2.7.12.jar:2.7.12]
	at org.springframework.boot.autoconfigure.AutoConfigurationSorter$AutoConfigurationClass.getOrder(AutoConfigurationSorter.java:208) ~[spring-boot-autoconfigure-2.7.12.jar:2.7.12]
	at org.springframework.boot.autoconfigure.AutoConfigurationSorter$AutoConfigurationClass.access$000(AutoConfigurationSorter.java:154) ~[spring-boot-autoconfigure-2.7.12.jar:2.7.12]
	at org.springframework.boot.autoconfigure.AutoConfigurationSorter.lambda$getInPriorityOrder$0(AutoConfigurationSorter.java:63) ~[spring-boot-autoconfigure-2.7.12.jar:2.7.12]
	at java.base/java.util.TimSort.countRunAndMakeAscending(TimSort.java:360) ~[na:na]
	at java.base/java.util.TimSort.sort(TimSort.java:234) ~[na:na]
	at java.base/java.util.Arrays.sort(Arrays.java:1515) ~[na:na]
	at java.base/java.util.ArrayList.sort(ArrayList.java:1750) ~[na:na]
	at org.springframework.boot.autoconfigure.AutoConfigurationSorter.getInPriorityOrder(AutoConfigurationSorter.java:62) ~[spring-boot-autoconfigure-2.7.12.jar:2.7.12]
	at org.springframework.boot.autoconfigure.AutoConfigurationImportSelector$AutoConfigurationGroup.sortAutoConfigurations(AutoConfigurationImportSelector.java:478) ~[spring-boot-autoconfigure-2.7.12.jar:2.7.12]
	at org.springframework.boot.autoconfigure.AutoConfigurationImportSelector$AutoConfigurationGroup.selectImports(AutoConfigurationImportSelector.java:463) ~[spring-boot-autoconfigure-2.7.12.jar:2.7.12]
	at org.springframework.context.annotation.ConfigurationClassParser$DeferredImportSelectorGrouping.getImports(ConfigurationClassParser.java:882) ~[spring-context-5.3.27.jar:5.3.27]
	at org.springframework.context.annotation.ConfigurationClassParser$DeferredImportSelectorGroupingHandler.processGroupImports(ConfigurationClassParser.java:809) ~[spring-context-5.3.27.jar:5.3.27]
	at org.springframework.context.annotation.ConfigurationClassParser$DeferredImportSelectorHandler.process(ConfigurationClassParser.java:780) ~[spring-context-5.3.27.jar:5.3.27]
	at org.springframework.context.annotation.ConfigurationClassParser.parse(ConfigurationClassParser.java:192) ~[spring-context-5.3.27.jar:5.3.27]
	at org.springframework.context.annotation.ConfigurationClassPostProcessor.processConfigBeanDefinitions(ConfigurationClassPostProcessor.java:331) ~[spring-context-5.3.27.jar:5.3.27]
	at org.springframework.context.annotation.ConfigurationClassPostProcessor.postProcessBeanDefinitionRegistry(ConfigurationClassPostProcessor.java:247) ~[spring-context-5.3.27.jar:5.3.27]
	at org.springframework.context.support.PostProcessorRegistrationDelegate.invokeBeanDefinitionRegistryPostProcessors(PostProcessorRegistrationDelegate.java:311) ~[spring-context-5.3.27.jar:5.3.27]
	at org.springframework.context.support.PostProcessorRegistrationDelegate.invokeBeanFactoryPostProcessors(PostProcessorRegistrationDelegate.java:112) ~[spring-context-5.3.27.jar:5.3.27]
	at org.springframework.context.support.AbstractApplicationContext.invokeBeanFactoryPostProcessors(AbstractApplicationContext.java:748) ~[spring-context-5.3.27.jar:5.3.27]
	at org.springframework.context.support.AbstractApplicationContext.refresh(AbstractApplicationContext.java:564) ~[spring-context-5.3.27.jar:5.3.27]
	at org.springframework.boot.web.servlet.context.ServletWebServerApplicationContext.refresh(ServletWebServerApplicationContext.java:147) ~[spring-boot-2.7.12.jar:2.7.12]
	at org.springframework.boot.SpringApplication.refresh(SpringApplication.java:731) ~[spring-boot-2.7.12.jar:2.7.12]
	at org.springframework.boot.SpringApplication.refreshContext(SpringApplication.java:408) ~[spring-boot-2.7.12.jar:2.7.12]
	at org.springframework.boot.SpringApplication.run(SpringApplication.java:307) ~[spring-boot-2.7.12.jar:2.7.12]
	at org.springframework.boot.SpringApplication.run(SpringApplication.java:1303) ~[spring-boot-2.7.12.jar:2.7.12]
	at org.springframework.boot.SpringApplication.run(SpringApplication.java:1292) ~[spring-boot-2.7.12.jar:2.7.12]
	at com.hmall.pay.PayApplication.main(PayApplication.java:14) ~[classes/:na]
Caused by: java.io.FileNotFoundException: class path resource [com/hmall/common/config/MqConfig.class] cannot be opened because it does not exist
	at org.springframework.core.io.ClassPathResource.getInputStream(ClassPathResource.java:199) ~[spring-core-5.3.27.jar:5.3.27]
	at org.springframework.core.type.classreading.SimpleMetadataReader.getClassReader(SimpleMetadataReader.java:55) ~[spring-core-5.3.27.jar:5.3.27]
	at org.springframework.core.type.classreading.SimpleMetadataReader.<init>(SimpleMetadataReader.java:48) ~[spring-core-5.3.27.jar:5.3.27]
	at org.springframework.core.type.classreading.SimpleMetadataReaderFactory.getMetadataReader(SimpleMetadataReaderFactory.java:103) ~[spring-core-5.3.27.jar:5.3.27]
	at org.springframework.boot.type.classreading.ConcurrentReferenceCachingMetadataReaderFactory.createMetadataReader(ConcurrentReferenceCachingMetadataReaderFactory.java:86) ~[spring-boot-2.7.12.jar:2.7.12]
	at org.springframework.boot.type.classreading.ConcurrentReferenceCachingMetadataReaderFactory.getMetadataReader(ConcurrentReferenceCachingMetadataReaderFactory.java:73) ~[spring-boot-2.7.12.jar:2.7.12]
	at org.springframework.core.type.classreading.SimpleMetadataReaderFactory.getMetadataReader(SimpleMetadataReaderFactory.java:81) ~[spring-core-5.3.27.jar:5.3.27]
	at org.springframework.boot.autoconfigure.AutoConfigurationSorter$AutoConfigurationClass.getAnnotationMetadata(AutoConfigurationSorter.java:233) ~[spring-boot-autoconfigure-2.7.12.jar:2.7.12]
	... 27 common frames omitted

20:38:36:678  INFO 6240 --- [main] com.hmall.pay.PayApplication             : Starting PayApplication using Java 11.0.12 on WWJT with PID 6240 (E:\Cursor\ProjectCode\hmall\pay-service\target\classes started by 23885 in E:\Cursor\ProjectCode\hmall)
20:38:36:679 DEBUG 6240 --- [main] com.hmall.pay.PayApplication             : Running with Spring Boot v2.7.12, Spring v5.3.27
20:38:36:680  INFO 6240 --- [main] com.hmall.pay.PayApplication             : The following 1 profile is active: "local"
20:38:37:274  INFO 6240 --- [main] o.s.cloud.context.scope.GenericScope     : BeanFactory id=db1859d1-35e8-32fa-ae2b-2671a666d752
20:38:37:455  INFO 6240 --- [main] o.s.b.w.embedded.tomcat.TomcatWebServer  : Tomcat initialized with port(s): 8086 (http)
20:38:37:455  INFO 6240 --- [main] o.a.catalina.core.AprLifecycleListener   : Loaded Apache Tomcat Native library [1.3.0] using APR version [1.7.4].
20:38:37:456  INFO 6240 --- [main] o.a.catalina.core.AprLifecycleListener   : APR capabilities: IPv6 [true], sendfile [true], accept filters [false], random [true], UDS [true].
20:38:37:456  INFO 6240 --- [main] o.a.catalina.core.AprLifecycleListener   : APR/OpenSSL configuration: useAprConnector [false], useOpenSSL [true]
20:38:37:459  INFO 6240 --- [main] o.a.catalina.core.AprLifecycleListener   : OpenSSL successfully initialized [OpenSSL 3.0.13 30 Jan 2024]
20:38:37:464  INFO 6240 --- [main] o.apache.catalina.core.StandardService   : Starting service [Tomcat]
20:38:37:464  INFO 6240 --- [main] org.apache.catalina.core.StandardEngine  : Starting Servlet engine: [Apache Tomcat/9.0.75]
20:38:37:605  INFO 6240 --- [main] o.a.c.c.C.[Tomcat].[localhost].[/]       : Initializing Spring embedded WebApplicationContext
20:38:37:605  INFO 6240 --- [main] w.s.c.ServletWebServerApplicationContext : Root WebApplicationContext: initialization completed in 901 ms
20:38:37:740  INFO 6240 --- [main] o.s.c.openfeign.FeignClientFactoryBean   : For 'user-service' URL not provided. Will try picking an instance via load-balancing.
20:38:37:779  INFO 6240 --- [main] o.s.c.openfeign.FeignClientFactoryBean   : For 'trade-service' URL not provided. Will try picking an instance via load-balancing.
20:38:41:245  INFO 6240 --- [main] o.s.cloud.commons.util.InetUtils         : Cannot determine local hostname
20:38:41:266  INFO 6240 --- [main] pertySourcedRequestMappingHandlerMapping : Mapped URL path [/v2/api-docs] onto method [springfox.documentation.swagger2.web.Swagger2ControllerWebMvc#getDocumentation(String, HttpServletRequest)]
20:38:42:878  INFO 6240 --- [main] o.s.cloud.commons.util.InetUtils         : Cannot determine local hostname
20:38:42:977  INFO 6240 --- [main] com.alibaba.nacos.common.remote.client   : [RpcClientFactory] create a new rpc client of f26cfa78-9795-4547-ab5c-8b06b398ba09
20:38:43:010  INFO 6240 --- [main] org.reflections.Reflections              : Reflections took 24 ms to scan 1 urls, producing 3 keys and 6 values 
20:38:43:024  INFO 6240 --- [main] org.reflections.Reflections              : Reflections took 6 ms to scan 1 urls, producing 4 keys and 9 values 
20:38:43:030  INFO 6240 --- [main] org.reflections.Reflections              : Reflections took 5 ms to scan 1 urls, producing 3 keys and 10 values 
20:38:43:031  WARN 6240 --- [main] org.reflections.Reflections              : given scan urls are empty. set urls in the configuration
20:38:43:036  INFO 6240 --- [main] org.reflections.Reflections              : Reflections took 4 ms to scan 1 urls, producing 1 keys and 5 values 
20:38:43:042  INFO 6240 --- [main] org.reflections.Reflections              : Reflections took 4 ms to scan 1 urls, producing 1 keys and 7 values 
20:38:43:047  INFO 6240 --- [main] org.reflections.Reflections              : Reflections took 4 ms to scan 1 urls, producing 2 keys and 8 values 
20:38:43:048  WARN 6240 --- [main] org.reflections.Reflections              : given scan urls are empty. set urls in the configuration
20:38:43:049  INFO 6240 --- [main] com.alibaba.nacos.common.remote.client   : [f26cfa78-9795-4547-ab5c-8b06b398ba09] RpcClient init label, labels = {module=naming, source=sdk}
20:38:43:050  INFO 6240 --- [main] com.alibaba.nacos.common.remote.client   : [f26cfa78-9795-4547-ab5c-8b06b398ba09] RpcClient init, ServerListFactory = com.alibaba.nacos.client.naming.core.ServerListManager
20:38:43:050  INFO 6240 --- [main] com.alibaba.nacos.common.remote.client   : [f26cfa78-9795-4547-ab5c-8b06b398ba09] Registry connection listener to current client:com.alibaba.nacos.client.naming.remote.gprc.redo.NamingGrpcRedoService
20:38:43:051  INFO 6240 --- [main] com.alibaba.nacos.common.remote.client   : [f26cfa78-9795-4547-ab5c-8b06b398ba09] Register server push request handler:com.alibaba.nacos.client.naming.remote.gprc.NamingPushRequestHandler
20:38:43:052  INFO 6240 --- [main] com.alibaba.nacos.common.remote.client   : [f26cfa78-9795-4547-ab5c-8b06b398ba09] Try to connect to server on start up, server: {serverIp = '192.168.43.130', server main port = 8848}
20:38:44:734  INFO 6240 --- [main] com.alibaba.nacos.common.remote.client   : [f26cfa78-9795-4547-ab5c-8b06b398ba09] Success to connect to server [192.168.43.130:8848] on start up, connectionId = 1746707925567_192.168.43.100_55321
20:38:44:734  INFO 6240 --- [com.alibaba.nacos.client.remote.worker] com.alibaba.nacos.common.remote.client   : [f26cfa78-9795-4547-ab5c-8b06b398ba09] Notify connected event to listeners.
20:38:44:735  INFO 6240 --- [main] com.alibaba.nacos.common.remote.client   : [f26cfa78-9795-4547-ab5c-8b06b398ba09] Register server push request handler:com.alibaba.nacos.common.remote.client.RpcClient$ConnectResetRequestHandler
20:38:44:736  INFO 6240 --- [main] com.alibaba.nacos.common.remote.client   : [f26cfa78-9795-4547-ab5c-8b06b398ba09] Register server push request handler:com.alibaba.nacos.common.remote.client.RpcClient$$Lambda$1072/0x000000080077d440
20:38:44:766  INFO 6240 --- [main] o.s.b.w.embedded.tomcat.TomcatWebServer  : Tomcat started on port(s): 8086 (http) with context path ''
20:38:44:773  INFO 6240 --- [main] c.a.c.n.registry.NacosServiceRegistry    : nacos registry, DEFAULT_GROUP pay-service 192.168.81.1:8086 register finished
20:38:45:306  INFO 6240 --- [nacos-grpc-client-executor-9] com.alibaba.nacos.common.remote.client   : [f26cfa78-9795-4547-ab5c-8b06b398ba09] Receive server push request, request = NotifySubscriberRequest, requestId = 4
20:38:45:309  INFO 6240 --- [nacos-grpc-client-executor-9] com.alibaba.nacos.common.remote.client   : [f26cfa78-9795-4547-ab5c-8b06b398ba09] Ack server push request, request = NotifySubscriberRequest, requestId = 4
20:38:46:413  INFO 6240 --- [main] o.s.cloud.commons.util.InetUtils         : Cannot determine local hostname
20:38:46:413  INFO 6240 --- [main] d.s.w.p.DocumentationPluginsBootstrapper : Documentation plugins bootstrapped
20:38:46:415  INFO 6240 --- [main] d.s.w.p.DocumentationPluginsBootstrapper : Found 1 custom documentation plugin(s)
20:38:46:430  INFO 6240 --- [main] s.d.s.w.s.ApiListingReferenceScanner     : Scanning for api listing references
20:38:46:437  INFO 6240 --- [main] com.hmall.pay.PayApplication             : Started PayApplication in 11.983 seconds (JVM running for 12.849)
21:19:57:755  WARN 6240 --- [Thread-4] c.a.nacos.common.notify.NotifyCenter     : [NotifyCenter] Start destroying Publisher
21:19:57:755  WARN 6240 --- [Thread-7] c.a.n.common.http.HttpClientBeanHolder   : [HttpClientBeanHolder] Start destroying common HttpClient
21:19:57:756  WARN 6240 --- [Thread-4] c.a.nacos.common.notify.NotifyCenter     : [NotifyCenter] Destruction of the end
21:19:57:756  WARN 6240 --- [Thread-7] c.a.n.common.http.HttpClientBeanHolder   : [HttpClientBeanHolder] Destruction of the end
21:19:58:136  INFO 6240 --- [SpringApplicationShutdownHook] c.a.c.n.registry.NacosServiceRegistry    : De-registering from Nacos Server now...
21:19:58:139  INFO 6240 --- [SpringApplicationShutdownHook] c.a.c.n.registry.NacosServiceRegistry    : De-registration finished.
21:19:58:457  INFO 6240 --- [SpringApplicationShutdownHook] com.alibaba.nacos.common.remote.client   : Shutdown rpc client, set status to shutdown
21:19:58:457  INFO 6240 --- [SpringApplicationShutdownHook] com.alibaba.nacos.common.remote.client   : Shutdown client event executor java.util.concurrent.ScheduledThreadPoolExecutor@13d70604[Running, pool size = 2, active threads = 2, queued tasks = 0, completed tasks = 0]
21:19:58:457  INFO 6240 --- [SpringApplicationShutdownHook] com.alibaba.nacos.common.remote.client   : Close current connection 1746707925567_192.168.43.100_55321
21:19:58:458  INFO 6240 --- [nacos-grpc-client-executor-507] c.a.n.c.remote.client.grpc.GrpcClient    : [1746707925567_192.168.43.100_55321]Ignore complete event,isRunning:false,isAbandon=false
21:19:58:460  INFO 6240 --- [SpringApplicationShutdownHook] c.a.n.c.remote.client.grpc.GrpcClient    : Shutdown grpc executor java.util.concurrent.ThreadPoolExecutor@5d40e52f[Running, pool size = 4, active threads = 0, queued tasks = 0, completed tasks = 508]
21:20:02:686  INFO 32840 --- [main] com.hmall.pay.PayApplication             : Starting PayApplication using Java 11.0.12 on WWJT with PID 32840 (E:\Cursor\ProjectCode\hmall\pay-service\target\classes started by 23885 in E:\Cursor\ProjectCode\hmall)
21:20:02:687 DEBUG 32840 --- [main] com.hmall.pay.PayApplication             : Running with Spring Boot v2.7.12, Spring v5.3.27
21:20:02:688  INFO 32840 --- [main] com.hmall.pay.PayApplication             : The following 1 profile is active: "local"
21:20:03:313  INFO 32840 --- [main] o.s.cloud.context.scope.GenericScope     : BeanFactory id=db1859d1-35e8-32fa-ae2b-2671a666d752
21:20:03:507  INFO 32840 --- [main] o.s.b.w.embedded.tomcat.TomcatWebServer  : Tomcat initialized with port(s): 8086 (http)
21:20:03:508  INFO 32840 --- [main] o.a.catalina.core.AprLifecycleListener   : Loaded Apache Tomcat Native library [1.3.0] using APR version [1.7.4].
21:20:03:508  INFO 32840 --- [main] o.a.catalina.core.AprLifecycleListener   : APR capabilities: IPv6 [true], sendfile [true], accept filters [false], random [true], UDS [true].
21:20:03:508  INFO 32840 --- [main] o.a.catalina.core.AprLifecycleListener   : APR/OpenSSL configuration: useAprConnector [false], useOpenSSL [true]
21:20:03:511  INFO 32840 --- [main] o.a.catalina.core.AprLifecycleListener   : OpenSSL successfully initialized [OpenSSL 3.0.13 30 Jan 2024]
21:20:03:516  INFO 32840 --- [main] o.apache.catalina.core.StandardService   : Starting service [Tomcat]
21:20:03:517  INFO 32840 --- [main] org.apache.catalina.core.StandardEngine  : Starting Servlet engine: [Apache Tomcat/9.0.75]
21:20:03:617  INFO 32840 --- [main] o.a.c.c.C.[Tomcat].[localhost].[/]       : Initializing Spring embedded WebApplicationContext
21:20:03:617  INFO 32840 --- [main] w.s.c.ServletWebServerApplicationContext : Root WebApplicationContext: initialization completed in 903 ms
21:20:03:736  INFO 32840 --- [main] o.s.c.openfeign.FeignClientFactoryBean   : For 'user-service' URL not provided. Will try picking an instance via load-balancing.
21:20:03:783  INFO 32840 --- [main] o.s.c.openfeign.FeignClientFactoryBean   : For 'trade-service' URL not provided. Will try picking an instance via load-balancing.
21:20:07:350  INFO 32840 --- [main] o.s.cloud.commons.util.InetUtils         : Cannot determine local hostname
21:20:07:383  INFO 32840 --- [main] pertySourcedRequestMappingHandlerMapping : Mapped URL path [/v2/api-docs] onto method [springfox.documentation.swagger2.web.Swagger2ControllerWebMvc#getDocumentation(String, HttpServletRequest)]
21:20:09:162  INFO 32840 --- [main] o.s.cloud.commons.util.InetUtils         : Cannot determine local hostname
21:20:09:280  INFO 32840 --- [main] com.alibaba.nacos.common.remote.client   : [RpcClientFactory] create a new rpc client of e0cfe704-bbcf-4ab2-9d67-57b7cb4ba3f7
21:20:09:303  INFO 32840 --- [main] org.reflections.Reflections              : Reflections took 13 ms to scan 1 urls, producing 3 keys and 6 values 
21:20:09:316  INFO 32840 --- [main] org.reflections.Reflections              : Reflections took 5 ms to scan 1 urls, producing 4 keys and 9 values 
21:20:09:322  INFO 32840 --- [main] org.reflections.Reflections              : Reflections took 5 ms to scan 1 urls, producing 3 keys and 10 values 
21:20:09:323  WARN 32840 --- [main] org.reflections.Reflections              : given scan urls are empty. set urls in the configuration
21:20:09:327  INFO 32840 --- [main] org.reflections.Reflections              : Reflections took 4 ms to scan 1 urls, producing 1 keys and 5 values 
21:20:09:333  INFO 32840 --- [main] org.reflections.Reflections              : Reflections took 5 ms to scan 1 urls, producing 1 keys and 7 values 
21:20:09:338  INFO 32840 --- [main] org.reflections.Reflections              : Reflections took 4 ms to scan 1 urls, producing 2 keys and 8 values 
21:20:09:340  WARN 32840 --- [main] org.reflections.Reflections              : given scan urls are empty. set urls in the configuration
21:20:09:340  INFO 32840 --- [main] com.alibaba.nacos.common.remote.client   : [e0cfe704-bbcf-4ab2-9d67-57b7cb4ba3f7] RpcClient init label, labels = {module=naming, source=sdk}
21:20:09:341  INFO 32840 --- [main] com.alibaba.nacos.common.remote.client   : [e0cfe704-bbcf-4ab2-9d67-57b7cb4ba3f7] RpcClient init, ServerListFactory = com.alibaba.nacos.client.naming.core.ServerListManager
21:20:09:341  INFO 32840 --- [main] com.alibaba.nacos.common.remote.client   : [e0cfe704-bbcf-4ab2-9d67-57b7cb4ba3f7] Registry connection listener to current client:com.alibaba.nacos.client.naming.remote.gprc.redo.NamingGrpcRedoService
21:20:09:341  INFO 32840 --- [main] com.alibaba.nacos.common.remote.client   : [e0cfe704-bbcf-4ab2-9d67-57b7cb4ba3f7] Register server push request handler:com.alibaba.nacos.client.naming.remote.gprc.NamingPushRequestHandler
21:20:09:342  INFO 32840 --- [main] com.alibaba.nacos.common.remote.client   : [e0cfe704-bbcf-4ab2-9d67-57b7cb4ba3f7] Try to connect to server on start up, server: {serverIp = '192.168.43.130', server main port = 8848}
21:20:11:124  INFO 32840 --- [main] com.alibaba.nacos.common.remote.client   : [e0cfe704-bbcf-4ab2-9d67-57b7cb4ba3f7] Success to connect to server [192.168.43.130:8848] on start up, connectionId = 1746710411973_192.168.43.100_61854
21:20:11:126  INFO 32840 --- [main] com.alibaba.nacos.common.remote.client   : [e0cfe704-bbcf-4ab2-9d67-57b7cb4ba3f7] Register server push request handler:com.alibaba.nacos.common.remote.client.RpcClient$ConnectResetRequestHandler
21:20:11:126  INFO 32840 --- [main] com.alibaba.nacos.common.remote.client   : [e0cfe704-bbcf-4ab2-9d67-57b7cb4ba3f7] Register server push request handler:com.alibaba.nacos.common.remote.client.RpcClient$$Lambda$1072/0x000000080077d440
21:20:11:125  INFO 32840 --- [com.alibaba.nacos.client.remote.worker] com.alibaba.nacos.common.remote.client   : [e0cfe704-bbcf-4ab2-9d67-57b7cb4ba3f7] Notify connected event to listeners.
21:20:11:164  INFO 32840 --- [main] o.s.b.w.embedded.tomcat.TomcatWebServer  : Tomcat started on port(s): 8086 (http) with context path ''
21:20:11:178  INFO 32840 --- [main] c.a.c.n.registry.NacosServiceRegistry    : nacos registry, DEFAULT_GROUP pay-service 192.168.81.1:8086 register finished
21:20:11:738  INFO 32840 --- [nacos-grpc-client-executor-9] com.alibaba.nacos.common.remote.client   : [e0cfe704-bbcf-4ab2-9d67-57b7cb4ba3f7] Receive server push request, request = NotifySubscriberRequest, requestId = 28
21:20:11:740  INFO 32840 --- [nacos-grpc-client-executor-9] com.alibaba.nacos.common.remote.client   : [e0cfe704-bbcf-4ab2-9d67-57b7cb4ba3f7] Ack server push request, request = NotifySubscriberRequest, requestId = 28
21:20:12:866  INFO 32840 --- [main] o.s.cloud.commons.util.InetUtils         : Cannot determine local hostname
21:20:12:867  INFO 32840 --- [main] d.s.w.p.DocumentationPluginsBootstrapper : Documentation plugins bootstrapped
21:20:12:869  INFO 32840 --- [main] d.s.w.p.DocumentationPluginsBootstrapper : Found 1 custom documentation plugin(s)
21:20:12:881  INFO 32840 --- [main] s.d.s.w.s.ApiListingReferenceScanner     : Scanning for api listing references
21:20:12:888  INFO 32840 --- [main] com.hmall.pay.PayApplication             : Started PayApplication in 12.428 seconds (JVM running for 13.307)
21:22:49:709  WARN 32840 --- [Thread-7] c.a.n.common.http.HttpClientBeanHolder   : [HttpClientBeanHolder] Start destroying common HttpClient
21:22:49:710  WARN 32840 --- [Thread-4] c.a.nacos.common.notify.NotifyCenter     : [NotifyCenter] Start destroying Publisher
21:22:49:710  WARN 32840 --- [Thread-4] c.a.nacos.common.notify.NotifyCenter     : [NotifyCenter] Destruction of the end
21:22:49:710  WARN 32840 --- [Thread-7] c.a.n.common.http.HttpClientBeanHolder   : [HttpClientBeanHolder] Destruction of the end
21:22:50:383  INFO 32840 --- [SpringApplicationShutdownHook] c.a.c.n.registry.NacosServiceRegistry    : De-registering from Nacos Server now...
21:22:50:387  INFO 32840 --- [SpringApplicationShutdownHook] c.a.c.n.registry.NacosServiceRegistry    : De-registration finished.
21:22:50:720  INFO 32840 --- [SpringApplicationShutdownHook] com.alibaba.nacos.common.remote.client   : Shutdown rpc client, set status to shutdown
21:22:50:720  INFO 32840 --- [SpringApplicationShutdownHook] com.alibaba.nacos.common.remote.client   : Shutdown client event executor java.util.concurrent.ScheduledThreadPoolExecutor@520ef6f6[Running, pool size = 2, active threads = 2, queued tasks = 0, completed tasks = 0]
21:22:50:720  INFO 32840 --- [SpringApplicationShutdownHook] com.alibaba.nacos.common.remote.client   : Close current connection 1746710411973_192.168.43.100_61854
21:22:50:722  INFO 32840 --- [nacos-grpc-client-executor-46] c.a.n.c.remote.client.grpc.GrpcClient    : [1746710411973_192.168.43.100_61854]Ignore complete event,isRunning:false,isAbandon=false
21:22:50:723  INFO 32840 --- [SpringApplicationShutdownHook] c.a.n.c.remote.client.grpc.GrpcClient    : Shutdown grpc executor java.util.concurrent.ThreadPoolExecutor@162e10bb[Running, pool size = 5, active threads = 0, queued tasks = 0, completed tasks = 47]
