18:13:14:774  INFO 54572 --- [main] c.hmall.personnel.PersonnelApplication   : Starting PersonnelApplication using Java 11.0.12 on DESKTOP-5FBOIRT with PID 54572 (E:\Java\work\UnivTalentMGT\team-construction-service\target\classes started by shiqing in E:\Java\work\UnivTalentMGT)
18:13:14:776 DEBUG 54572 --- [main] c.hmall.personnel.PersonnelApplication   : Running with Spring Boot v2.7.12, Spring v5.3.27
18:13:14:776  INFO 54572 --- [main] c.hmall.personnel.PersonnelApplication   : The following 1 profile is active: "dev"
18:13:15:433  INFO 54572 --- [main] .s.d.r.c.RepositoryConfigurationDelegate : Multiple Spring Data modules found, entering strict repository configuration mode
18:13:15:433  INFO 54572 --- [main] .s.d.r.c.RepositoryConfigurationDelegate : Bootstrapping Spring Data JPA repositories in DEFAULT mode.
18:13:15:499  INFO 54572 --- [main] .s.d.r.c.RepositoryConfigurationDelegate : Finished Spring Data repository scanning in 51 ms. Found 4 JPA repository interfaces.
18:13:15:512  INFO 54572 --- [main] .s.d.r.c.RepositoryConfigurationDelegate : Multiple Spring Data modules found, entering strict repository configuration mode
18:13:15:513  INFO 54572 --- [main] .s.d.r.c.RepositoryConfigurationDelegate : Bootstrapping Spring Data Redis repositories in DEFAULT mode.
18:13:15:524  INFO 54572 --- [main] .RepositoryConfigurationExtensionSupport : Spring Data Redis - Could not safely identify store assignment for repository candidate interface com.hmall.personnel.repository.MeetingOperationLogsRepository; If you want this repository to be a Redis repository, consider annotating your entities with one of these annotations: org.springframework.data.redis.core.RedisHash (preferred), or consider extending one of the following types with your repository: org.springframework.data.keyvalue.repository.KeyValueRepository
18:13:15:525  INFO 54572 --- [main] .RepositoryConfigurationExtensionSupport : Spring Data Redis - Could not safely identify store assignment for repository candidate interface com.hmall.personnel.repository.PersonnelBasicInfoRepository; If you want this repository to be a Redis repository, consider annotating your entities with one of these annotations: org.springframework.data.redis.core.RedisHash (preferred), or consider extending one of the following types with your repository: org.springframework.data.keyvalue.repository.KeyValueRepository
18:13:15:525  INFO 54572 --- [main] .RepositoryConfigurationExtensionSupport : Spring Data Redis - Could not safely identify store assignment for repository candidate interface com.hmall.personnel.repository.PersonnelDetailInfoRepository; If you want this repository to be a Redis repository, consider annotating your entities with one of these annotations: org.springframework.data.redis.core.RedisHash (preferred), or consider extending one of the following types with your repository: org.springframework.data.keyvalue.repository.KeyValueRepository
18:13:15:525  INFO 54572 --- [main] .RepositoryConfigurationExtensionSupport : Spring Data Redis - Could not safely identify store assignment for repository candidate interface com.hmall.personnel.repository.TagsRepository; If you want this repository to be a Redis repository, consider annotating your entities with one of these annotations: org.springframework.data.redis.core.RedisHash (preferred), or consider extending one of the following types with your repository: org.springframework.data.keyvalue.repository.KeyValueRepository
18:13:15:525  INFO 54572 --- [main] .s.d.r.c.RepositoryConfigurationDelegate : Finished Spring Data repository scanning in 5 ms. Found 0 Redis repository interfaces.
18:13:15:622  WARN 54572 --- [main] o.m.s.mapper.ClassPathMapperScanner      : No MyBatis mapper was found in '[com.hmall.personnel]' package. Please check your configuration.
18:13:15:681  INFO 54572 --- [main] o.s.cloud.context.scope.GenericScope     : BeanFactory id=a5ea6a2c-4b74-3305-ae25-7ee90aa5e6bd
18:13:15:959  INFO 54572 --- [main] o.s.b.w.embedded.tomcat.TomcatWebServer  : Tomcat initialized with port(s): 9086 (http)
18:13:15:967  INFO 54572 --- [main] o.apache.catalina.core.StandardService   : Starting service [Tomcat]
18:13:15:967  INFO 54572 --- [main] org.apache.catalina.core.StandardEngine  : Starting Servlet engine: [Apache Tomcat/9.0.75]
18:13:16:109  INFO 54572 --- [main] o.a.c.c.C.[Tomcat].[localhost].[/]       : Initializing Spring embedded WebApplicationContext
18:13:16:109  INFO 54572 --- [main] w.s.c.ServletWebServerApplicationContext : Root WebApplicationContext: initialization completed in 1295 ms
18:13:16:196  INFO 54572 --- [main] com.zaxxer.hikari.HikariDataSource       : HikariPool-1 - Starting...
18:13:17:189  INFO 54572 --- [main] com.zaxxer.hikari.HikariDataSource       : HikariPool-1 - Start completed.
18:13:17:235  INFO 54572 --- [main] o.hibernate.jpa.internal.util.LogHelper  : HHH000204: Processing PersistenceUnitInfo [name: default]
18:13:17:285  INFO 54572 --- [main] org.hibernate.Version                    : HHH000412: Hibernate ORM core version 5.6.15.Final
18:13:17:403  INFO 54572 --- [main] o.hibernate.annotations.common.Version   : HCANN000001: Hibernate Commons Annotations {5.1.2.Final}
18:13:17:519  INFO 54572 --- [main] org.hibernate.dialect.Dialect            : HHH000400: Using dialect: org.hibernate.dialect.MySQL8Dialect
18:13:17:955  INFO 54572 --- [main] o.h.e.t.j.p.i.JtaPlatformInitiator       : HHH000490: Using JtaPlatform implementation: [org.hibernate.engine.transaction.jta.platform.internal.NoJtaPlatform]
18:13:17:964  INFO 54572 --- [main] j.LocalContainerEntityManagerFactoryBean : Initialized JPA EntityManagerFactory for persistence unit 'default'
18:13:18:714  WARN 54572 --- [main] JpaBaseConfiguration$JpaWebConfiguration : spring.jpa.open-in-view is enabled by default. Therefore, database queries may be performed during view rendering. Explicitly configure spring.jpa.open-in-view to disable this warning
18:13:20:305  INFO 54572 --- [main] c.a.n.p.a.s.c.ClientAuthPluginManager    : [ClientAuthPluginManager] Load ClientAuthService com.alibaba.nacos.client.auth.impl.NacosClientAuthServiceImpl success.
18:13:20:305  INFO 54572 --- [main] c.a.n.p.a.s.c.ClientAuthPluginManager    : [ClientAuthPluginManager] Load ClientAuthService com.alibaba.nacos.client.auth.ram.RamClientAuthServiceImpl success.
18:13:21:865  INFO 54572 --- [main] o.s.b.w.embedded.tomcat.TomcatWebServer  : Tomcat started on port(s): 9086 (http) with context path ''
18:13:21:923  INFO 54572 --- [main] c.a.c.n.registry.NacosServiceRegistry    : nacos registry, DEFAULT_GROUP team-construction-service 192.168.253.1:9086 register finished
18:13:22:154  INFO 54572 --- [main] c.hmall.personnel.PersonnelApplication   : Started PersonnelApplication in 8.097 seconds (JVM running for 9.875)
18:13:26:468  WARN 54572 --- [Thread-10] c.a.nacos.common.notify.NotifyCenter     : [NotifyCenter] Start destroying Publisher
18:13:26:467  WARN 54572 --- [Thread-13] c.a.n.common.http.HttpClientBeanHolder   : [HttpClientBeanHolder] Start destroying common HttpClient
18:13:26:469  WARN 54572 --- [Thread-10] c.a.nacos.common.notify.NotifyCenter     : [NotifyCenter] Destruction of the end
18:13:26:470  WARN 54572 --- [Thread-13] c.a.n.common.http.HttpClientBeanHolder   : [HttpClientBeanHolder] Destruction of the end
18:13:26:669  INFO 54572 --- [SpringApplicationShutdownHook] c.a.c.n.registry.NacosServiceRegistry    : De-registering from Nacos Server now...
18:13:26:719  INFO 54572 --- [SpringApplicationShutdownHook] c.a.c.n.registry.NacosServiceRegistry    : De-registration finished.
18:13:27:081  INFO 54572 --- [SpringApplicationShutdownHook] j.LocalContainerEntityManagerFactoryBean : Closing JPA EntityManagerFactory for persistence unit 'default'
18:13:27:083  INFO 54572 --- [SpringApplicationShutdownHook] com.zaxxer.hikari.HikariDataSource       : HikariPool-1 - Shutdown initiated...
18:13:27:596  INFO 54572 --- [SpringApplicationShutdownHook] com.zaxxer.hikari.HikariDataSource       : HikariPool-1 - Shutdown completed.
