01:32:44:223  INFO 3184 --- [main] com.hmall.team.TeamAnalysisApplication   : Starting TeamAnalysisApplication using Java 11.0.12 on WWJT with PID 3184 (E:\Cursor\ProjectCode\UnivTalentMGT\UnivTalentMGT\team-analysis-service\target\classes started by 23885 in E:\Cursor\ProjectCode\UnivTalentMGT\UnivTalentMGT)
01:32:44:229 DEBUG 3184 --- [main] com.hmall.team.TeamAnalysisApplication   : Running with Spring Boot v2.7.12, Spring v5.3.27
01:32:44:230  INFO 3184 --- [main] com.hmall.team.TeamAnalysisApplication   : The following 1 profile is active: "dev"
01:32:44:928  INFO 3184 --- [main] o.s.cloud.context.scope.GenericScope     : BeanFactory id=4ae19b8e-d853-3b60-a89c-22026791194f
01:32:45:167  INFO 3184 --- [main] o.s.b.w.embedded.tomcat.TomcatWebServer  : Tomcat initialized with port(s): 8086 (http)
01:32:45:168  INFO 3184 --- [main] o.a.catalina.core.AprLifecycleListener   : Loaded Apache Tomcat Native library [1.3.0] using APR version [1.7.4].
01:32:45:168  INFO 3184 --- [main] o.a.catalina.core.AprLifecycleListener   : APR capabilities: IPv6 [true], sendfile [true], accept filters [false], random [true], UDS [true].
01:32:45:168  INFO 3184 --- [main] o.a.catalina.core.AprLifecycleListener   : APR/OpenSSL configuration: useAprConnector [false], useOpenSSL [true]
01:32:45:172  INFO 3184 --- [main] o.a.catalina.core.AprLifecycleListener   : OpenSSL successfully initialized [OpenSSL 3.0.13 30 Jan 2024]
01:32:45:179  INFO 3184 --- [main] o.apache.catalina.core.StandardService   : Starting service [Tomcat]
01:32:45:179  INFO 3184 --- [main] org.apache.catalina.core.StandardEngine  : Starting Servlet engine: [Apache Tomcat/9.0.75]
01:32:45:295  INFO 3184 --- [main] o.a.c.c.C.[Tomcat].[localhost].[/]       : Initializing Spring embedded WebApplicationContext
01:32:45:295  INFO 3184 --- [main] w.s.c.ServletWebServerApplicationContext : Root WebApplicationContext: initialization completed in 1030 ms
01:32:49:161  INFO 3184 --- [main] o.s.cloud.commons.util.InetUtils         : Cannot determine local hostname
01:32:49:315  INFO 3184 --- [main] o.s.b.w.embedded.tomcat.TomcatWebServer  : Tomcat started on port(s): 8086 (http) with context path ''
01:32:51:353  INFO 3184 --- [main] o.s.cloud.commons.util.InetUtils         : Cannot determine local hostname
01:32:51:363  INFO 3184 --- [main] com.hmall.team.TeamAnalysisApplication   : Started TeamAnalysisApplication in 9.696 seconds (JVM running for 10.848)
10:37:24:917  INFO 23624 --- [main] com.hmall.team.TeamAnalysisApplication   : Starting TeamAnalysisApplication using Java 11.0.12 on WWJT with PID 23624 (E:\Cursor\ProjectCode\UnivTalentMGT\UnivTalentMGT\team-analysis-service\target\classes started by 23885 in E:\Cursor\ProjectCode\UnivTalentMGT\UnivTalentMGT)
10:37:24:919 DEBUG 23624 --- [main] com.hmall.team.TeamAnalysisApplication   : Running with Spring Boot v2.7.12, Spring v5.3.27
10:37:24:920  INFO 23624 --- [main] com.hmall.team.TeamAnalysisApplication   : The following 1 profile is active: "dev"
10:37:25:413  INFO 23624 --- [main] o.s.cloud.context.scope.GenericScope     : BeanFactory id=4ae19b8e-d853-3b60-a89c-22026791194f
10:37:25:620  INFO 23624 --- [main] o.s.b.w.embedded.tomcat.TomcatWebServer  : Tomcat initialized with port(s): 8086 (http)
10:37:25:621  INFO 23624 --- [main] o.a.catalina.core.AprLifecycleListener   : Loaded Apache Tomcat Native library [1.3.0] using APR version [1.7.4].
10:37:25:621  INFO 23624 --- [main] o.a.catalina.core.AprLifecycleListener   : APR capabilities: IPv6 [true], sendfile [true], accept filters [false], random [true], UDS [true].
10:37:25:621  INFO 23624 --- [main] o.a.catalina.core.AprLifecycleListener   : APR/OpenSSL configuration: useAprConnector [false], useOpenSSL [true]
10:37:25:625  INFO 23624 --- [main] o.a.catalina.core.AprLifecycleListener   : OpenSSL successfully initialized [OpenSSL 3.0.13 30 Jan 2024]
10:37:25:630  INFO 23624 --- [main] o.apache.catalina.core.StandardService   : Starting service [Tomcat]
10:37:25:630  INFO 23624 --- [main] org.apache.catalina.core.StandardEngine  : Starting Servlet engine: [Apache Tomcat/9.0.75]
10:37:25:728  INFO 23624 --- [main] o.a.c.c.C.[Tomcat].[localhost].[/]       : Initializing Spring embedded WebApplicationContext
10:37:25:728  INFO 23624 --- [main] w.s.c.ServletWebServerApplicationContext : Root WebApplicationContext: initialization completed in 785 ms
10:37:29:220  INFO 23624 --- [main] o.s.cloud.commons.util.InetUtils         : Cannot determine local hostname
10:37:29:316  INFO 23624 --- [main] o.s.b.w.embedded.tomcat.TomcatWebServer  : Tomcat started on port(s): 8086 (http) with context path ''
10:37:30:907  INFO 23624 --- [main] o.s.cloud.commons.util.InetUtils         : Cannot determine local hostname
10:37:30:917  INFO 23624 --- [main] com.hmall.team.TeamAnalysisApplication   : Started TeamAnalysisApplication in 8.225 seconds (JVM running for 9.241)
10:52:05:417  INFO 23624 --- [http-nio-8086-exec-2] o.a.c.c.C.[Tomcat].[localhost].[/]       : Initializing Spring DispatcherServlet 'dispatcherServlet'
10:52:05:418  INFO 23624 --- [http-nio-8086-exec-2] o.s.web.servlet.DispatcherServlet        : Initializing Servlet 'dispatcherServlet'
10:52:05:419  INFO 23624 --- [http-nio-8086-exec-2] o.s.web.servlet.DispatcherServlet        : Completed initialization in 1 ms
10:52:05:507  INFO 23624 --- [http-nio-8086-exec-2] com.zaxxer.hikari.HikariDataSource       : HikariPool-1 - Starting...
10:52:08:565  INFO 23624 --- [http-nio-8086-exec-2] com.zaxxer.hikari.HikariDataSource       : HikariPool-1 - Start completed.
10:52:08:714 DEBUG 23624 --- [http-nio-8086-exec-2] com.hmall.team.mapper.TeamMapper.insert  : ==>  Preparing: INSERT INTO teams ( requirement_id, team_name, team_description, create_time, update_time ) VALUES ( ?, ?, ?, ?, ? )
10:52:08:757 DEBUG 23624 --- [http-nio-8086-exec-2] com.hmall.team.mapper.TeamMapper.insert  : ==> Parameters: 1(Long), 研发团队A(String), 负责核心业务开发(String), 2025-06-29T10:52:08.679098300(LocalDateTime), 2025-06-29T10:52:08.679098300(LocalDateTime)
10:52:09:585 ERROR 23624 --- [http-nio-8086-exec-2] c.h.t.c.TeamInformationController        : 创建团队失败

org.springframework.jdbc.BadSqlGrammarException: 
### Error updating database.  Cause: java.sql.SQLSyntaxErrorException: Unknown column 'team_description' in 'field list'
### The error may exist in com/hmall/team/mapper/TeamMapper.java (best guess)
### The error may involve com.hmall.team.mapper.TeamMapper.insert-Inline
### The error occurred while setting parameters
### SQL: INSERT INTO teams  ( requirement_id, team_name, team_description, create_time, update_time )  VALUES  ( ?, ?, ?, ?, ? )
### Cause: java.sql.SQLSyntaxErrorException: Unknown column 'team_description' in 'field list'
; bad SQL grammar []; nested exception is java.sql.SQLSyntaxErrorException: Unknown column 'team_description' in 'field list'
	at org.springframework.jdbc.support.SQLErrorCodeSQLExceptionTranslator.doTranslate(SQLErrorCodeSQLExceptionTranslator.java:239) ~[spring-jdbc-5.3.27.jar:5.3.27]
	at org.springframework.jdbc.support.AbstractFallbackSQLExceptionTranslator.translate(AbstractFallbackSQLExceptionTranslator.java:70) ~[spring-jdbc-5.3.27.jar:5.3.27]
	at org.mybatis.spring.MyBatisExceptionTranslator.translateExceptionIfPossible(MyBatisExceptionTranslator.java:91) ~[mybatis-spring-2.0.6.jar:2.0.6]
	at org.mybatis.spring.SqlSessionTemplate$SqlSessionInterceptor.invoke(SqlSessionTemplate.java:441) ~[mybatis-spring-2.0.6.jar:2.0.6]
	at com.sun.proxy.$Proxy78.insert(Unknown Source) ~[na:na]
	at org.mybatis.spring.SqlSessionTemplate.insert(SqlSessionTemplate.java:272) ~[mybatis-spring-2.0.6.jar:2.0.6]
	at com.baomidou.mybatisplus.core.override.MybatisMapperMethod.execute(MybatisMapperMethod.java:59) ~[mybatis-plus-core-3.4.3.jar:3.4.3]
	at com.baomidou.mybatisplus.core.override.MybatisMapperProxy$PlainMethodInvoker.invoke(MybatisMapperProxy.java:148) ~[mybatis-plus-core-3.4.3.jar:3.4.3]
	at com.baomidou.mybatisplus.core.override.MybatisMapperProxy.invoke(MybatisMapperProxy.java:89) ~[mybatis-plus-core-3.4.3.jar:3.4.3]
	at com.sun.proxy.$Proxy83.insert(Unknown Source) ~[na:na]
	at com.hmall.team.service.impl.TeamInformationServiceImpl.createTeam(TeamInformationServiceImpl.java:49) ~[classes/:na]
	at com.hmall.team.service.impl.TeamInformationServiceImpl$$FastClassBySpringCGLIB$$cdb84f09.invoke(<generated>) ~[classes/:na]
	at org.springframework.cglib.proxy.MethodProxy.invoke(MethodProxy.java:218) ~[spring-core-5.3.27.jar:5.3.27]
	at org.springframework.aop.framework.CglibAopProxy$CglibMethodInvocation.invokeJoinpoint(CglibAopProxy.java:793) ~[spring-aop-5.3.27.jar:5.3.27]
	at org.springframework.aop.framework.ReflectiveMethodInvocation.proceed(ReflectiveMethodInvocation.java:163) ~[spring-aop-5.3.27.jar:5.3.27]
	at org.springframework.aop.framework.CglibAopProxy$CglibMethodInvocation.proceed(CglibAopProxy.java:763) ~[spring-aop-5.3.27.jar:5.3.27]
	at org.springframework.transaction.interceptor.TransactionInterceptor$1.proceedWithInvocation(TransactionInterceptor.java:123) ~[spring-tx-5.3.27.jar:5.3.27]
	at org.springframework.transaction.interceptor.TransactionAspectSupport.invokeWithinTransaction(TransactionAspectSupport.java:388) ~[spring-tx-5.3.27.jar:5.3.27]
	at org.springframework.transaction.interceptor.TransactionInterceptor.invoke(TransactionInterceptor.java:119) ~[spring-tx-5.3.27.jar:5.3.27]
	at org.springframework.aop.framework.ReflectiveMethodInvocation.proceed(ReflectiveMethodInvocation.java:186) ~[spring-aop-5.3.27.jar:5.3.27]
	at org.springframework.aop.framework.CglibAopProxy$CglibMethodInvocation.proceed(CglibAopProxy.java:763) ~[spring-aop-5.3.27.jar:5.3.27]
	at org.springframework.aop.framework.CglibAopProxy$DynamicAdvisedInterceptor.intercept(CglibAopProxy.java:708) ~[spring-aop-5.3.27.jar:5.3.27]
	at com.hmall.team.service.impl.TeamInformationServiceImpl$$EnhancerBySpringCGLIB$$754e36ab.createTeam(<generated>) ~[classes/:na]
	at com.hmall.team.controller.TeamInformationController.createTeam(TeamInformationController.java:30) ~[classes/:na]
	at java.base/jdk.internal.reflect.NativeMethodAccessorImpl.invoke0(Native Method) ~[na:na]
	at java.base/jdk.internal.reflect.NativeMethodAccessorImpl.invoke(NativeMethodAccessorImpl.java:62) ~[na:na]
	at java.base/jdk.internal.reflect.DelegatingMethodAccessorImpl.invoke(DelegatingMethodAccessorImpl.java:43) ~[na:na]
	at java.base/java.lang.reflect.Method.invoke(Method.java:566) ~[na:na]
	at org.springframework.web.method.support.InvocableHandlerMethod.doInvoke(InvocableHandlerMethod.java:205) ~[spring-web-5.3.27.jar:5.3.27]
	at org.springframework.web.method.support.InvocableHandlerMethod.invokeForRequest(InvocableHandlerMethod.java:150) ~[spring-web-5.3.27.jar:5.3.27]
	at org.springframework.web.servlet.mvc.method.annotation.ServletInvocableHandlerMethod.invokeAndHandle(ServletInvocableHandlerMethod.java:117) ~[spring-webmvc-5.3.27.jar:5.3.27]
	at org.springframework.web.servlet.mvc.method.annotation.RequestMappingHandlerAdapter.invokeHandlerMethod(RequestMappingHandlerAdapter.java:895) ~[spring-webmvc-5.3.27.jar:5.3.27]
	at org.springframework.web.servlet.mvc.method.annotation.RequestMappingHandlerAdapter.handleInternal(RequestMappingHandlerAdapter.java:808) ~[spring-webmvc-5.3.27.jar:5.3.27]
	at org.springframework.web.servlet.mvc.method.AbstractHandlerMethodAdapter.handle(AbstractHandlerMethodAdapter.java:87) ~[spring-webmvc-5.3.27.jar:5.3.27]
	at org.springframework.web.servlet.DispatcherServlet.doDispatch(DispatcherServlet.java:1072) ~[spring-webmvc-5.3.27.jar:5.3.27]
	at org.springframework.web.servlet.DispatcherServlet.doService(DispatcherServlet.java:965) ~[spring-webmvc-5.3.27.jar:5.3.27]
	at org.springframework.web.servlet.FrameworkServlet.processRequest(FrameworkServlet.java:1006) ~[spring-webmvc-5.3.27.jar:5.3.27]
	at org.springframework.web.servlet.FrameworkServlet.doPost(FrameworkServlet.java:909) ~[spring-webmvc-5.3.27.jar:5.3.27]
	at javax.servlet.http.HttpServlet.service(HttpServlet.java:555) ~[tomcat-embed-core-9.0.75.jar:4.0.FR]
	at org.springframework.web.servlet.FrameworkServlet.service(FrameworkServlet.java:883) ~[spring-webmvc-5.3.27.jar:5.3.27]
	at javax.servlet.http.HttpServlet.service(HttpServlet.java:623) ~[tomcat-embed-core-9.0.75.jar:4.0.FR]
	at org.apache.catalina.core.ApplicationFilterChain.internalDoFilter(ApplicationFilterChain.java:209) ~[tomcat-embed-core-9.0.75.jar:9.0.75]
	at org.apache.catalina.core.ApplicationFilterChain.doFilter(ApplicationFilterChain.java:153) ~[tomcat-embed-core-9.0.75.jar:9.0.75]
	at org.apache.tomcat.websocket.server.WsFilter.doFilter(WsFilter.java:51) ~[tomcat-embed-websocket-9.0.75.jar:9.0.75]
	at org.apache.catalina.core.ApplicationFilterChain.internalDoFilter(ApplicationFilterChain.java:178) ~[tomcat-embed-core-9.0.75.jar:9.0.75]
	at org.apache.catalina.core.ApplicationFilterChain.doFilter(ApplicationFilterChain.java:153) ~[tomcat-embed-core-9.0.75.jar:9.0.75]
	at org.springframework.web.filter.RequestContextFilter.doFilterInternal(RequestContextFilter.java:100) ~[spring-web-5.3.27.jar:5.3.27]
	at org.springframework.web.filter.OncePerRequestFilter.doFilter(OncePerRequestFilter.java:117) ~[spring-web-5.3.27.jar:5.3.27]
	at org.apache.catalina.core.ApplicationFilterChain.internalDoFilter(ApplicationFilterChain.java:178) ~[tomcat-embed-core-9.0.75.jar:9.0.75]
	at org.apache.catalina.core.ApplicationFilterChain.doFilter(ApplicationFilterChain.java:153) ~[tomcat-embed-core-9.0.75.jar:9.0.75]
	at org.springframework.web.filter.FormContentFilter.doFilterInternal(FormContentFilter.java:93) ~[spring-web-5.3.27.jar:5.3.27]
	at org.springframework.web.filter.OncePerRequestFilter.doFilter(OncePerRequestFilter.java:117) ~[spring-web-5.3.27.jar:5.3.27]
	at org.apache.catalina.core.ApplicationFilterChain.internalDoFilter(ApplicationFilterChain.java:178) ~[tomcat-embed-core-9.0.75.jar:9.0.75]
	at org.apache.catalina.core.ApplicationFilterChain.doFilter(ApplicationFilterChain.java:153) ~[tomcat-embed-core-9.0.75.jar:9.0.75]
	at org.springframework.web.filter.CharacterEncodingFilter.doFilterInternal(CharacterEncodingFilter.java:201) ~[spring-web-5.3.27.jar:5.3.27]
	at org.springframework.web.filter.OncePerRequestFilter.doFilter(OncePerRequestFilter.java:117) ~[spring-web-5.3.27.jar:5.3.27]
	at org.apache.catalina.core.ApplicationFilterChain.internalDoFilter(ApplicationFilterChain.java:178) ~[tomcat-embed-core-9.0.75.jar:9.0.75]
	at org.apache.catalina.core.ApplicationFilterChain.doFilter(ApplicationFilterChain.java:153) ~[tomcat-embed-core-9.0.75.jar:9.0.75]
	at org.apache.catalina.core.StandardWrapperValve.invoke(StandardWrapperValve.java:167) ~[tomcat-embed-core-9.0.75.jar:9.0.75]
	at org.apache.catalina.core.StandardContextValve.invoke(StandardContextValve.java:90) ~[tomcat-embed-core-9.0.75.jar:9.0.75]
	at org.apache.catalina.authenticator.AuthenticatorBase.invoke(AuthenticatorBase.java:481) ~[tomcat-embed-core-9.0.75.jar:9.0.75]
	at org.apache.catalina.core.StandardHostValve.invoke(StandardHostValve.java:130) ~[tomcat-embed-core-9.0.75.jar:9.0.75]
	at org.apache.catalina.valves.ErrorReportValve.invoke(ErrorReportValve.java:93) ~[tomcat-embed-core-9.0.75.jar:9.0.75]
	at org.apache.catalina.core.StandardEngineValve.invoke(StandardEngineValve.java:74) ~[tomcat-embed-core-9.0.75.jar:9.0.75]
	at org.apache.catalina.connector.CoyoteAdapter.service(CoyoteAdapter.java:343) ~[tomcat-embed-core-9.0.75.jar:9.0.75]
	at org.apache.coyote.http11.Http11Processor.service(Http11Processor.java:390) ~[tomcat-embed-core-9.0.75.jar:9.0.75]
	at org.apache.coyote.AbstractProcessorLight.process(AbstractProcessorLight.java:63) ~[tomcat-embed-core-9.0.75.jar:9.0.75]
	at org.apache.coyote.AbstractProtocol$ConnectionHandler.process(AbstractProtocol.java:926) ~[tomcat-embed-core-9.0.75.jar:9.0.75]
	at org.apache.tomcat.util.net.NioEndpoint$SocketProcessor.doRun(NioEndpoint.java:1791) ~[tomcat-embed-core-9.0.75.jar:9.0.75]
	at org.apache.tomcat.util.net.SocketProcessorBase.run(SocketProcessorBase.java:52) ~[tomcat-embed-core-9.0.75.jar:9.0.75]
	at org.apache.tomcat.util.threads.ThreadPoolExecutor.runWorker(ThreadPoolExecutor.java:1191) ~[tomcat-embed-core-9.0.75.jar:9.0.75]
	at org.apache.tomcat.util.threads.ThreadPoolExecutor$Worker.run(ThreadPoolExecutor.java:659) ~[tomcat-embed-core-9.0.75.jar:9.0.75]
	at org.apache.tomcat.util.threads.TaskThread$WrappingRunnable.run(TaskThread.java:61) ~[tomcat-embed-core-9.0.75.jar:9.0.75]
	at java.base/java.lang.Thread.run(Thread.java:834) ~[na:na]
Caused by: java.sql.SQLSyntaxErrorException: Unknown column 'team_description' in 'field list'
	at com.mysql.cj.jdbc.exceptions.SQLError.createSQLException(SQLError.java:120) ~[mysql-connector-java-8.0.23.jar:8.0.23]
	at com.mysql.cj.jdbc.exceptions.SQLExceptionsMapping.translateException(SQLExceptionsMapping.java:122) ~[mysql-connector-java-8.0.23.jar:8.0.23]
	at com.mysql.cj.jdbc.ClientPreparedStatement.executeInternal(ClientPreparedStatement.java:953) ~[mysql-connector-java-8.0.23.jar:8.0.23]
	at com.mysql.cj.jdbc.ClientPreparedStatement.execute(ClientPreparedStatement.java:370) ~[mysql-connector-java-8.0.23.jar:8.0.23]
	at com.zaxxer.hikari.pool.ProxyPreparedStatement.execute(ProxyPreparedStatement.java:44) ~[HikariCP-4.0.3.jar:na]
	at com.zaxxer.hikari.pool.HikariProxyPreparedStatement.execute(HikariProxyPreparedStatement.java) ~[HikariCP-4.0.3.jar:na]
	at java.base/jdk.internal.reflect.NativeMethodAccessorImpl.invoke0(Native Method) ~[na:na]
	at java.base/jdk.internal.reflect.NativeMethodAccessorImpl.invoke(NativeMethodAccessorImpl.java:62) ~[na:na]
	at java.base/jdk.internal.reflect.DelegatingMethodAccessorImpl.invoke(DelegatingMethodAccessorImpl.java:43) ~[na:na]
	at java.base/java.lang.reflect.Method.invoke(Method.java:566) ~[na:na]
	at org.apache.ibatis.logging.jdbc.PreparedStatementLogger.invoke(PreparedStatementLogger.java:59) ~[mybatis-3.5.7.jar:3.5.7]
	at com.sun.proxy.$Proxy100.execute(Unknown Source) ~[na:na]
	at org.apache.ibatis.executor.statement.PreparedStatementHandler.update(PreparedStatementHandler.java:47) ~[mybatis-3.5.7.jar:3.5.7]
	at org.apache.ibatis.executor.statement.RoutingStatementHandler.update(RoutingStatementHandler.java:74) ~[mybatis-3.5.7.jar:3.5.7]
	at java.base/jdk.internal.reflect.NativeMethodAccessorImpl.invoke0(Native Method) ~[na:na]
	at java.base/jdk.internal.reflect.NativeMethodAccessorImpl.invoke(NativeMethodAccessorImpl.java:62) ~[na:na]
	at java.base/jdk.internal.reflect.DelegatingMethodAccessorImpl.invoke(DelegatingMethodAccessorImpl.java:43) ~[na:na]
	at java.base/java.lang.reflect.Method.invoke(Method.java:566) ~[na:na]
	at org.apache.ibatis.plugin.Plugin.invoke(Plugin.java:64) ~[mybatis-3.5.7.jar:3.5.7]
	at com.sun.proxy.$Proxy98.update(Unknown Source) ~[na:na]
	at org.apache.ibatis.executor.SimpleExecutor.doUpdate(SimpleExecutor.java:50) ~[mybatis-3.5.7.jar:3.5.7]
	at org.apache.ibatis.executor.BaseExecutor.update(BaseExecutor.java:117) ~[mybatis-3.5.7.jar:3.5.7]
	at org.apache.ibatis.executor.CachingExecutor.update(CachingExecutor.java:76) ~[mybatis-3.5.7.jar:3.5.7]
	at java.base/jdk.internal.reflect.NativeMethodAccessorImpl.invoke0(Native Method) ~[na:na]
	at java.base/jdk.internal.reflect.NativeMethodAccessorImpl.invoke(NativeMethodAccessorImpl.java:62) ~[na:na]
	at java.base/jdk.internal.reflect.DelegatingMethodAccessorImpl.invoke(DelegatingMethodAccessorImpl.java:43) ~[na:na]
	at java.base/java.lang.reflect.Method.invoke(Method.java:566) ~[na:na]
	at org.apache.ibatis.plugin.Invocation.proceed(Invocation.java:49) ~[mybatis-3.5.7.jar:3.5.7]
	at com.baomidou.mybatisplus.extension.plugins.MybatisPlusInterceptor.intercept(MybatisPlusInterceptor.java:106) ~[mybatis-plus-extension-3.4.3.jar:3.4.3]
	at org.apache.ibatis.plugin.Plugin.invoke(Plugin.java:62) ~[mybatis-3.5.7.jar:3.5.7]
	at com.sun.proxy.$Proxy97.update(Unknown Source) ~[na:na]
	at org.apache.ibatis.session.defaults.DefaultSqlSession.update(DefaultSqlSession.java:194) ~[mybatis-3.5.7.jar:3.5.7]
	at org.apache.ibatis.session.defaults.DefaultSqlSession.insert(DefaultSqlSession.java:181) ~[mybatis-3.5.7.jar:3.5.7]
	at java.base/jdk.internal.reflect.NativeMethodAccessorImpl.invoke0(Native Method) ~[na:na]
	at java.base/jdk.internal.reflect.NativeMethodAccessorImpl.invoke(NativeMethodAccessorImpl.java:62) ~[na:na]
	at java.base/jdk.internal.reflect.DelegatingMethodAccessorImpl.invoke(DelegatingMethodAccessorImpl.java:43) ~[na:na]
	at java.base/java.lang.reflect.Method.invoke(Method.java:566) ~[na:na]
	at org.mybatis.spring.SqlSessionTemplate$SqlSessionInterceptor.invoke(SqlSessionTemplate.java:427) ~[mybatis-spring-2.0.6.jar:2.0.6]
	... 70 common frames omitted

11:18:41:848  INFO 23624 --- [SpringApplicationShutdownHook] com.zaxxer.hikari.HikariDataSource       : HikariPool-1 - Shutdown initiated...
11:18:42:960  INFO 23624 --- [SpringApplicationShutdownHook] com.zaxxer.hikari.HikariDataSource       : HikariPool-1 - Shutdown completed.
11:18:47:916  INFO 19172 --- [main] com.hmall.team.TeamAnalysisApplication   : Starting TeamAnalysisApplication using Java 11.0.12 on WWJT with PID 19172 (E:\Cursor\ProjectCode\UnivTalentMGT\UnivTalentMGT\team-analysis-service\target\classes started by 23885 in E:\Cursor\ProjectCode\UnivTalentMGT\UnivTalentMGT)
11:18:47:918 DEBUG 19172 --- [main] com.hmall.team.TeamAnalysisApplication   : Running with Spring Boot v2.7.12, Spring v5.3.27
11:18:47:918  INFO 19172 --- [main] com.hmall.team.TeamAnalysisApplication   : The following 1 profile is active: "dev"
11:18:48:504  INFO 19172 --- [main] o.s.cloud.context.scope.GenericScope     : BeanFactory id=4ae19b8e-d853-3b60-a89c-22026791194f
11:18:48:748  INFO 19172 --- [main] o.s.b.w.embedded.tomcat.TomcatWebServer  : Tomcat initialized with port(s): 8086 (http)
11:18:48:749  INFO 19172 --- [main] o.a.catalina.core.AprLifecycleListener   : Loaded Apache Tomcat Native library [1.3.0] using APR version [1.7.4].
11:18:48:749  INFO 19172 --- [main] o.a.catalina.core.AprLifecycleListener   : APR capabilities: IPv6 [true], sendfile [true], accept filters [false], random [true], UDS [true].
11:18:48:749  INFO 19172 --- [main] o.a.catalina.core.AprLifecycleListener   : APR/OpenSSL configuration: useAprConnector [false], useOpenSSL [true]
11:18:48:753  INFO 19172 --- [main] o.a.catalina.core.AprLifecycleListener   : OpenSSL successfully initialized [OpenSSL 3.0.13 30 Jan 2024]
11:18:48:762  INFO 19172 --- [main] o.apache.catalina.core.StandardService   : Starting service [Tomcat]
11:18:48:762  INFO 19172 --- [main] org.apache.catalina.core.StandardEngine  : Starting Servlet engine: [Apache Tomcat/9.0.75]
11:18:48:870  INFO 19172 --- [main] o.a.c.c.C.[Tomcat].[localhost].[/]       : Initializing Spring embedded WebApplicationContext
11:18:48:870  INFO 19172 --- [main] w.s.c.ServletWebServerApplicationContext : Root WebApplicationContext: initialization completed in 927 ms
11:18:52:512  INFO 19172 --- [main] o.s.cloud.commons.util.InetUtils         : Cannot determine local hostname
11:18:52:618  INFO 19172 --- [main] o.s.b.w.embedded.tomcat.TomcatWebServer  : Tomcat started on port(s): 8086 (http) with context path ''
11:18:54:270  INFO 19172 --- [main] o.s.cloud.commons.util.InetUtils         : Cannot determine local hostname
11:18:54:280  INFO 19172 --- [main] com.hmall.team.TeamAnalysisApplication   : Started TeamAnalysisApplication in 8.696 seconds (JVM running for 9.771)
11:19:09:318  INFO 19172 --- [http-nio-8086-exec-1] o.a.c.c.C.[Tomcat].[localhost].[/]       : Initializing Spring DispatcherServlet 'dispatcherServlet'
11:19:09:318  INFO 19172 --- [http-nio-8086-exec-1] o.s.web.servlet.DispatcherServlet        : Initializing Servlet 'dispatcherServlet'
11:19:09:320  INFO 19172 --- [http-nio-8086-exec-1] o.s.web.servlet.DispatcherServlet        : Completed initialization in 2 ms
11:19:09:377  INFO 19172 --- [http-nio-8086-exec-1] com.zaxxer.hikari.HikariDataSource       : HikariPool-1 - Starting...
11:19:11:504  INFO 19172 --- [http-nio-8086-exec-1] com.zaxxer.hikari.HikariDataSource       : HikariPool-1 - Start completed.
11:19:11:654 DEBUG 19172 --- [http-nio-8086-exec-1] com.hmall.team.mapper.TeamMapper.insert  : ==>  Preparing: INSERT INTO teams ( requirement_id, team_name, team_description, create_time, update_time ) VALUES ( ?, ?, ?, ?, ? )
11:19:11:689 DEBUG 19172 --- [http-nio-8086-exec-1] com.hmall.team.mapper.TeamMapper.insert  : ==> Parameters: 1(Long), 研发团队A(String), 负责核心业务开发(String), 2025-06-29T11:19:11.622393400(LocalDateTime), 2025-06-29T11:19:11.622393400(LocalDateTime)
11:19:11:920 DEBUG 19172 --- [http-nio-8086-exec-1] com.hmall.team.mapper.TeamMapper.insert  : <==    Updates: 1
11:19:11:936 DEBUG 19172 --- [http-nio-8086-exec-1] c.h.t.m.TeamMemberMapper.insertBatch     : ==>  Preparing: INSERT INTO team_members (team_id, personnel_id, create_time, update_time) VALUES (?, ?, ?, ?) , (?, ?, ?, ?) , (?, ?, ?, ?) , (?, ?, ?, ?)
11:19:11:937 DEBUG 19172 --- [http-nio-8086-exec-1] c.h.t.m.TeamMemberMapper.insertBatch     : ==> Parameters: 11(Integer), 1(Integer), 2025-06-29T11:19:11.931452200(LocalDateTime), 2025-06-29T11:19:11.931452200(LocalDateTime), 11(Integer), 2(Integer), 2025-06-29T11:19:11.931452200(LocalDateTime), 2025-06-29T11:19:11.931452200(LocalDateTime), 11(Integer), 3(Integer), 2025-06-29T11:19:11.931452200(LocalDateTime), 2025-06-29T11:19:11.931452200(LocalDateTime), 11(Integer), 4(Integer), 2025-06-29T11:19:11.931452200(LocalDateTime), 2025-06-29T11:19:11.931452200(LocalDateTime)
11:19:12:166 DEBUG 19172 --- [http-nio-8086-exec-1] c.h.t.m.TeamMemberMapper.insertBatch     : <==    Updates: 4
11:26:32:220 DEBUG 19172 --- [http-nio-8086-exec-4] c.h.team.mapper.TeamMapper.selectById    : ==>  Preparing: SELECT id,requirement_id,team_name,team_description,create_time,update_time FROM teams WHERE id=?
11:26:32:221 DEBUG 19172 --- [http-nio-8086-exec-4] c.h.team.mapper.TeamMapper.selectById    : ==> Parameters: 11(Integer)
11:26:32:666 DEBUG 19172 --- [http-nio-8086-exec-4] c.h.team.mapper.TeamMapper.selectById    : <==      Total: 1
11:26:32:690 DEBUG 19172 --- [http-nio-8086-exec-4] c.h.team.mapper.TeamMapper.updateById    : ==>  Preparing: UPDATE teams SET requirement_id=?, team_name=?, team_description=?, create_time=?, update_time=? WHERE id=?
11:26:32:690 DEBUG 19172 --- [http-nio-8086-exec-4] c.h.team.mapper.TeamMapper.updateById    : ==> Parameters: 1(Long), 计算机教学创新团队(String), 负责计算机基础课程教学与创新(String), 2025-06-29T11:19:12(LocalDateTime), 2025-06-29T11:26:32.680157100(LocalDateTime), 11(Integer)
11:26:33:570 DEBUG 19172 --- [http-nio-8086-exec-4] c.h.team.mapper.TeamMapper.updateById    : <==    Updates: 1
11:26:33:571 DEBUG 19172 --- [http-nio-8086-exec-4] c.h.t.m.TeamMemberMapper.insertBatch     : ==>  Preparing: INSERT INTO team_members (team_id, personnel_id, create_time, update_time) VALUES (?, ?, ?, ?) , (?, ?, ?, ?)
11:26:33:572 DEBUG 19172 --- [http-nio-8086-exec-4] c.h.t.m.TeamMemberMapper.insertBatch     : ==> Parameters: 11(Integer), 4(Integer), 2025-06-29T11:26:33.570119800(LocalDateTime), 2025-06-29T11:26:33.571099700(LocalDateTime), 11(Integer), 5(Integer), 2025-06-29T11:26:33.571099700(LocalDateTime), 2025-06-29T11:26:33.571099700(LocalDateTime)
11:26:33:803 DEBUG 19172 --- [http-nio-8086-exec-4] c.h.t.m.TeamMemberMapper.insertBatch     : <==    Updates: 2
11:26:33:804 DEBUG 19172 --- [http-nio-8086-exec-4] c.h.t.m.T.deleteByTeamIdAndPersonnelIds  : ==>  Preparing: DELETE FROM team_members WHERE team_id = ? AND personnel_id IN ( ? )
11:26:33:805 DEBUG 19172 --- [http-nio-8086-exec-4] c.h.t.m.T.deleteByTeamIdAndPersonnelIds  : ==> Parameters: 11(Integer), 1(Integer)
11:26:34:351 DEBUG 19172 --- [http-nio-8086-exec-4] c.h.t.m.T.deleteByTeamIdAndPersonnelIds  : <==    Updates: 1
11:32:13:873 DEBUG 19172 --- [http-nio-8086-exec-9] c.h.team.mapper.TeamMapper.selectById    : ==>  Preparing: SELECT id,requirement_id,team_name,team_description,create_time,update_time FROM teams WHERE id=?
11:32:13:874 DEBUG 19172 --- [http-nio-8086-exec-9] c.h.team.mapper.TeamMapper.selectById    : ==> Parameters: 1(Integer)
11:32:14:010 DEBUG 19172 --- [http-nio-8086-exec-9] c.h.team.mapper.TeamMapper.selectById    : <==      Total: 1
11:33:01:152 DEBUG 19172 --- [http-nio-8086-exec-10] c.h.team.mapper.TeamMapper.selectById    : ==>  Preparing: SELECT id,requirement_id,team_name,team_description,create_time,update_time FROM teams WHERE id=?
11:33:01:152 DEBUG 19172 --- [http-nio-8086-exec-10] c.h.team.mapper.TeamMapper.selectById    : ==> Parameters: 1(Integer)
11:33:01:267 DEBUG 19172 --- [http-nio-8086-exec-10] c.h.team.mapper.TeamMapper.selectById    : <==      Total: 1
11:33:01:268 DEBUG 19172 --- [http-nio-8086-exec-10] c.h.t.m.T.selectMemberInfosByTeamId      : ==>  Preparing: SELECT p.id, p.name, p.position, p.title, p.department, p.education, p.political_status, p.age FROM team_members tm LEFT JOIN personnel_basic_info p ON tm.personnel_id = p.id WHERE tm.team_id = ?
11:33:01:268 DEBUG 19172 --- [http-nio-8086-exec-10] c.h.t.m.T.selectMemberInfosByTeamId      : ==> Parameters: 1(Integer)
11:33:01:381 DEBUG 19172 --- [http-nio-8086-exec-10] c.h.t.m.T.selectMemberInfosByTeamId      : <==      Total: 2
11:33:01:495  INFO 19172 --- [http-nio-8086-exec-10] c.h.t.s.impl.TeamAnalysisServiceImpl     : 开始班子分析，需求信息: TeamRequirementDTO(id=null, teamSize=2, positionRequirements=null, abilityRequirements=null, teamworkAbilityRequirements=null, needTeamFormation=null, positions=[TeamRequirementDTO.PositionRequirement(name=教师, skills=[], experience=0, educationLevel=), TeamRequirementDTO.PositionRequirement(name=实验员, skills=[], experience=0, educationLevel=)], otherConditions=null)
11:33:01:520 DEBUG 19172 --- [http-nio-8086-exec-10] c.h.t.m.TeamRequirementMapper.insert     : ==>  Preparing: INSERT INTO team_requirements ( user_id, team_size, position_requirements, create_time, update_time ) VALUES ( ?, ?, ?, ?, ? )
11:33:01:521 DEBUG 19172 --- [http-nio-8086-exec-10] c.h.t.m.TeamRequirementMapper.insert     : ==> Parameters: 1(Integer), 2(Integer), [{"name":"教师","skills":[],"experience":0,"educationLevel":""},{"name":"实验员","skills":[],"experience":0,"educationLevel":""}](String), 2025-06-29T11:33:01.519552800(LocalDateTime), 2025-06-29T11:33:01.519552800(LocalDateTime)
11:33:01:742 DEBUG 19172 --- [http-nio-8086-exec-10] c.h.t.m.TeamRequirementMapper.insert     : <==    Updates: 1
11:33:01:745 DEBUG 19172 --- [http-nio-8086-exec-10] c.h.t.mapper.TeamAnalysisMapper.insert   : ==>  Preparing: INSERT INTO team_analysis_results ( requirement_id, status, description, create_time, update_time ) VALUES ( ?, ?, ?, ?, ? )
11:33:01:745 DEBUG 19172 --- [http-nio-8086-exec-10] c.h.t.mapper.TeamAnalysisMapper.insert   : ==> Parameters: 19(Long), 0(Integer), 分析进行中(String), 2025-06-29T11:33:01.743205600(LocalDateTime), 2025-06-29T11:33:01.743205600(LocalDateTime)
11:33:02:308 DEBUG 19172 --- [http-nio-8086-exec-10] c.h.t.mapper.TeamAnalysisMapper.insert   : <==    Updates: 1
11:33:02:410 DEBUG 19172 --- [http-nio-8086-exec-10] c.h.t.m.TeamAnalysisMapper.updateById    : ==>  Preparing: UPDATE team_analysis_results SET requirement_id=?, recommended_staff_ids=?, status=?, match_score=?, age_distribution=?, gender_ratio=?, skill_coverage=?, description=?, create_time=?, update_time=? WHERE id=?
11:33:02:411 DEBUG 19172 --- [http-nio-8086-exec-10] c.h.t.m.TeamAnalysisMapper.updateById    : ==> Parameters: 19(Long), [](String), 1(Integer), 0(Integer), Balanced(String), 50:50(String), Complete(String), 分析完成(String), 2025-06-29T11:33:01.743205600(LocalDateTime), 2025-06-29T11:33:02.408068500(LocalDateTime), 9(Long)
11:33:02:635 DEBUG 19172 --- [http-nio-8086-exec-10] c.h.t.m.TeamAnalysisMapper.updateById    : <==    Updates: 1
11:33:23:721 DEBUG 19172 --- [http-nio-8086-exec-8] c.h.team.mapper.TeamMapper.selectById    : ==>  Preparing: SELECT id,requirement_id,team_name,team_description,create_time,update_time FROM teams WHERE id=?
11:33:23:721 DEBUG 19172 --- [http-nio-8086-exec-8] c.h.team.mapper.TeamMapper.selectById    : ==> Parameters: 11(Integer)
11:33:23:883 DEBUG 19172 --- [http-nio-8086-exec-8] c.h.team.mapper.TeamMapper.selectById    : <==      Total: 1
11:33:23:883 DEBUG 19172 --- [http-nio-8086-exec-8] c.h.t.m.T.selectMemberInfosByTeamId      : ==>  Preparing: SELECT p.id, p.name, p.position, p.title, p.department, p.education, p.political_status, p.age FROM team_members tm LEFT JOIN personnel_basic_info p ON tm.personnel_id = p.id WHERE tm.team_id = ?
11:33:23:883 DEBUG 19172 --- [http-nio-8086-exec-8] c.h.t.m.T.selectMemberInfosByTeamId      : ==> Parameters: 11(Integer)
11:33:24:024 DEBUG 19172 --- [http-nio-8086-exec-8] c.h.t.m.T.selectMemberInfosByTeamId      : <==      Total: 5
11:33:24:180  INFO 19172 --- [http-nio-8086-exec-8] c.h.t.s.impl.TeamAnalysisServiceImpl     : 开始班子分析，需求信息: TeamRequirementDTO(id=null, teamSize=5, positionRequirements=null, abilityRequirements=null, teamworkAbilityRequirements=null, needTeamFormation=null, positions=[TeamRequirementDTO.PositionRequirement(name=辅导员, skills=[], experience=0, educationLevel=), TeamRequirementDTO.PositionRequirement(name=教授, skills=[], experience=0, educationLevel=), TeamRequirementDTO.PositionRequirement(name=实验员, skills=[], experience=0, educationLevel=), TeamRequirementDTO.PositionRequirement(name=实验员, skills=[], experience=0, educationLevel=), TeamRequirementDTO.PositionRequirement(name=系主任, skills=[], experience=0, educationLevel=)], otherConditions=null)
11:33:24:181 DEBUG 19172 --- [http-nio-8086-exec-8] c.h.t.m.TeamRequirementMapper.insert     : ==>  Preparing: INSERT INTO team_requirements ( user_id, team_size, position_requirements, create_time, update_time ) VALUES ( ?, ?, ?, ?, ? )
11:33:24:182 DEBUG 19172 --- [http-nio-8086-exec-8] c.h.t.m.TeamRequirementMapper.insert     : ==> Parameters: 1(Integer), 5(Integer), [{"name":"辅导员","skills":[],"experience":0,"educationLevel":""},{"name":"教授","skills":[],"experience":0,"educationLevel":""},{"name":"实验员","skills":[],"experience":0,"educationLevel":""},{"name":"实验员","skills":[],"experience":0,"educationLevel":""},{"name":"系主任","skills":[],"experience":0,"educationLevel":""}](String), 2025-06-29T11:33:24.181176300(LocalDateTime), 2025-06-29T11:33:24.181176300(LocalDateTime)
11:33:24:485 DEBUG 19172 --- [http-nio-8086-exec-8] c.h.t.m.TeamRequirementMapper.insert     : <==    Updates: 1
11:33:24:486 DEBUG 19172 --- [http-nio-8086-exec-8] c.h.t.mapper.TeamAnalysisMapper.insert   : ==>  Preparing: INSERT INTO team_analysis_results ( requirement_id, status, description, create_time, update_time ) VALUES ( ?, ?, ?, ?, ? )
11:33:24:487 DEBUG 19172 --- [http-nio-8086-exec-8] c.h.t.mapper.TeamAnalysisMapper.insert   : ==> Parameters: 20(Long), 0(Integer), 分析进行中(String), 2025-06-29T11:33:24.485656200(LocalDateTime), 2025-06-29T11:33:24.485656200(LocalDateTime)
11:33:25:738 DEBUG 19172 --- [http-nio-8086-exec-8] c.h.t.mapper.TeamAnalysisMapper.insert   : <==    Updates: 1
11:33:25:752 DEBUG 19172 --- [http-nio-8086-exec-8] c.h.t.m.TeamAnalysisMapper.updateById    : ==>  Preparing: UPDATE team_analysis_results SET requirement_id=?, recommended_staff_ids=?, status=?, match_score=?, age_distribution=?, gender_ratio=?, skill_coverage=?, description=?, create_time=?, update_time=? WHERE id=?
11:33:25:753 DEBUG 19172 --- [http-nio-8086-exec-8] c.h.t.m.TeamAnalysisMapper.updateById    : ==> Parameters: 20(Long), [](String), 1(Integer), 0(Integer), Balanced(String), 50:50(String), Complete(String), 分析完成(String), 2025-06-29T11:33:24.485656200(LocalDateTime), 2025-06-29T11:33:25.749782900(LocalDateTime), 10(Long)
11:33:25:976 DEBUG 19172 --- [http-nio-8086-exec-8] c.h.t.m.TeamAnalysisMapper.updateById    : <==    Updates: 1
11:36:53:860 DEBUG 19172 --- [http-nio-8086-exec-2] c.h.team.mapper.TeamMapper.selectById    : ==>  Preparing: SELECT id,requirement_id,team_name,team_description,create_time,update_time FROM teams WHERE id=?
11:36:53:860 DEBUG 19172 --- [http-nio-8086-exec-2] c.h.team.mapper.TeamMapper.selectById    : ==> Parameters: 11(Integer)
11:36:53:979 DEBUG 19172 --- [http-nio-8086-exec-2] c.h.team.mapper.TeamMapper.selectById    : <==      Total: 1
11:36:53:979 DEBUG 19172 --- [http-nio-8086-exec-2] c.h.t.m.T.selectMemberInfosByTeamId      : ==>  Preparing: SELECT p.id, p.name, p.position, p.title, p.department, p.education, p.political_status, p.age FROM team_members tm LEFT JOIN personnel_basic_info p ON tm.personnel_id = p.id WHERE tm.team_id = ?
11:36:53:979 DEBUG 19172 --- [http-nio-8086-exec-2] c.h.t.m.T.selectMemberInfosByTeamId      : ==> Parameters: 11(Integer)
11:36:54:092 DEBUG 19172 --- [http-nio-8086-exec-2] c.h.t.m.T.selectMemberInfosByTeamId      : <==      Total: 5
11:36:54:205  INFO 19172 --- [http-nio-8086-exec-2] c.h.t.s.impl.TeamAnalysisServiceImpl     : 开始班子分析，需求信息: TeamRequirementDTO(id=null, teamSize=5, positionRequirements=null, abilityRequirements=null, teamworkAbilityRequirements=null, needTeamFormation=null, positions=[TeamRequirementDTO.PositionRequirement(name=辅导员, skills=[], experience=0, educationLevel=), TeamRequirementDTO.PositionRequirement(name=教授, skills=[], experience=0, educationLevel=), TeamRequirementDTO.PositionRequirement(name=实验员, skills=[], experience=0, educationLevel=), TeamRequirementDTO.PositionRequirement(name=实验员, skills=[], experience=0, educationLevel=), TeamRequirementDTO.PositionRequirement(name=系主任, skills=[], experience=0, educationLevel=)], otherConditions=null)
11:36:54:206 DEBUG 19172 --- [http-nio-8086-exec-2] c.h.t.m.TeamRequirementMapper.insert     : ==>  Preparing: INSERT INTO team_requirements ( user_id, team_size, position_requirements, create_time, update_time ) VALUES ( ?, ?, ?, ?, ? )
11:36:54:206 DEBUG 19172 --- [http-nio-8086-exec-2] c.h.t.m.TeamRequirementMapper.insert     : ==> Parameters: 1(Integer), 5(Integer), [{"name":"辅导员","skills":[],"experience":0,"educationLevel":""},{"name":"教授","skills":[],"experience":0,"educationLevel":""},{"name":"实验员","skills":[],"experience":0,"educationLevel":""},{"name":"实验员","skills":[],"experience":0,"educationLevel":""},{"name":"系主任","skills":[],"experience":0,"educationLevel":""}](String), 2025-06-29T11:36:54.206873700(LocalDateTime), 2025-06-29T11:36:54.206873700(LocalDateTime)
11:36:54:438 DEBUG 19172 --- [http-nio-8086-exec-2] c.h.t.m.TeamRequirementMapper.insert     : <==    Updates: 1
11:36:54:439 DEBUG 19172 --- [http-nio-8086-exec-2] c.h.t.mapper.TeamAnalysisMapper.insert   : ==>  Preparing: INSERT INTO team_analysis_results ( requirement_id, status, description, create_time, update_time ) VALUES ( ?, ?, ?, ?, ? )
11:36:54:440 DEBUG 19172 --- [http-nio-8086-exec-2] c.h.t.mapper.TeamAnalysisMapper.insert   : ==> Parameters: 21(Long), 0(Integer), 分析进行中(String), 2025-06-29T11:36:54.439400900(LocalDateTime), 2025-06-29T11:36:54.439400900(LocalDateTime)
11:36:54:664 DEBUG 19172 --- [http-nio-8086-exec-2] c.h.t.mapper.TeamAnalysisMapper.insert   : <==    Updates: 1
11:36:54:681 DEBUG 19172 --- [http-nio-8086-exec-2] c.h.t.m.TeamAnalysisMapper.updateById    : ==>  Preparing: UPDATE team_analysis_results SET requirement_id=?, recommended_staff_ids=?, status=?, match_score=?, age_distribution=?, gender_ratio=?, skill_coverage=?, description=?, create_time=?, update_time=? WHERE id=?
11:36:54:682 DEBUG 19172 --- [http-nio-8086-exec-2] c.h.t.m.TeamAnalysisMapper.updateById    : ==> Parameters: 21(Long), [](String), 1(Integer), 0(Integer), Balanced(String), 50:50(String), Complete(String), 分析完成(String), 2025-06-29T11:36:54.439400900(LocalDateTime), 2025-06-29T11:36:54.681294400(LocalDateTime), 11(Long)
11:36:54:917 DEBUG 19172 --- [http-nio-8086-exec-2] c.h.t.m.TeamAnalysisMapper.updateById    : <==    Updates: 1
11:37:51:886 DEBUG 19172 --- [http-nio-8086-exec-6] c.h.team.mapper.TeamMapper.selectById    : ==>  Preparing: SELECT id,requirement_id,team_name,team_description,create_time,update_time FROM teams WHERE id=?
11:37:51:886 DEBUG 19172 --- [http-nio-8086-exec-6] c.h.team.mapper.TeamMapper.selectById    : ==> Parameters: 11(Integer)
11:37:52:020 DEBUG 19172 --- [http-nio-8086-exec-6] c.h.team.mapper.TeamMapper.selectById    : <==      Total: 1
11:37:52:020 DEBUG 19172 --- [http-nio-8086-exec-6] c.h.t.m.T.selectMemberInfosByTeamId      : ==>  Preparing: SELECT p.id, p.name, p.position, p.title, p.department, p.education, p.political_status, p.age FROM team_members tm LEFT JOIN personnel_basic_info p ON tm.personnel_id = p.id WHERE tm.team_id = ?
11:37:52:021 DEBUG 19172 --- [http-nio-8086-exec-6] c.h.t.m.T.selectMemberInfosByTeamId      : ==> Parameters: 11(Integer)
11:37:52:150 DEBUG 19172 --- [http-nio-8086-exec-6] c.h.t.m.T.selectMemberInfosByTeamId      : <==      Total: 5
11:37:52:271  INFO 19172 --- [http-nio-8086-exec-6] c.h.t.s.impl.TeamAnalysisServiceImpl     : 开始班子分析，需求信息: TeamRequirementDTO(id=null, teamSize=5, positionRequirements=null, abilityRequirements=null, teamworkAbilityRequirements=null, needTeamFormation=null, positions=[TeamRequirementDTO.PositionRequirement(name=辅导员, skills=[], experience=0, educationLevel=), TeamRequirementDTO.PositionRequirement(name=教授, skills=[], experience=0, educationLevel=), TeamRequirementDTO.PositionRequirement(name=实验员, skills=[], experience=0, educationLevel=), TeamRequirementDTO.PositionRequirement(name=实验员, skills=[], experience=0, educationLevel=), TeamRequirementDTO.PositionRequirement(name=系主任, skills=[], experience=0, educationLevel=)], otherConditions=null)
11:37:52:272 DEBUG 19172 --- [http-nio-8086-exec-6] c.h.t.m.TeamRequirementMapper.insert     : ==>  Preparing: INSERT INTO team_requirements ( user_id, team_size, position_requirements, create_time, update_time ) VALUES ( ?, ?, ?, ?, ? )
11:37:52:272 DEBUG 19172 --- [http-nio-8086-exec-6] c.h.t.m.TeamRequirementMapper.insert     : ==> Parameters: 1(Integer), 5(Integer), [{"name":"辅导员","skills":[],"experience":0,"educationLevel":""},{"name":"教授","skills":[],"experience":0,"educationLevel":""},{"name":"实验员","skills":[],"experience":0,"educationLevel":""},{"name":"实验员","skills":[],"experience":0,"educationLevel":""},{"name":"系主任","skills":[],"experience":0,"educationLevel":""}](String), 2025-06-29T11:37:52.271490500(LocalDateTime), 2025-06-29T11:37:52.271490500(LocalDateTime)
11:37:52:530 DEBUG 19172 --- [http-nio-8086-exec-6] c.h.t.m.TeamRequirementMapper.insert     : <==    Updates: 1
11:37:52:531 DEBUG 19172 --- [http-nio-8086-exec-6] c.h.t.mapper.TeamAnalysisMapper.insert   : ==>  Preparing: INSERT INTO team_analysis_results ( requirement_id, status, description, create_time, update_time ) VALUES ( ?, ?, ?, ?, ? )
11:37:52:532 DEBUG 19172 --- [http-nio-8086-exec-6] c.h.t.mapper.TeamAnalysisMapper.insert   : ==> Parameters: 22(Long), 0(Integer), 分析进行中(String), 2025-06-29T11:37:52.531564200(LocalDateTime), 2025-06-29T11:37:52.531564200(LocalDateTime)
11:37:52:842 DEBUG 19172 --- [http-nio-8086-exec-6] c.h.t.mapper.TeamAnalysisMapper.insert   : <==    Updates: 1
11:37:52:855 DEBUG 19172 --- [http-nio-8086-exec-6] c.h.t.m.TeamAnalysisMapper.updateById    : ==>  Preparing: UPDATE team_analysis_results SET requirement_id=?, recommended_staff_ids=?, status=?, match_score=?, age_distribution=?, gender_ratio=?, skill_coverage=?, description=?, create_time=?, update_time=? WHERE id=?
11:37:52:856 DEBUG 19172 --- [http-nio-8086-exec-6] c.h.t.m.TeamAnalysisMapper.updateById    : ==> Parameters: 22(Long), [](String), 1(Integer), 0(Integer), Balanced(String), 50:50(String), Complete(String), 分析完成(String), 2025-06-29T11:37:52.531564200(LocalDateTime), 2025-06-29T11:37:52.854581900(LocalDateTime), 12(Long)
11:37:53:464 DEBUG 19172 --- [http-nio-8086-exec-6] c.h.t.m.TeamAnalysisMapper.updateById    : <==    Updates: 1
12:30:04:754  WARN 19172 --- [HikariPool-1 housekeeper] com.zaxxer.hikari.pool.HikariPool        : HikariPool-1 - Thread starvation or clock leap detected (housekeeper delta=6m22s105ms264µs300ns).
12:38:14:426  INFO 19172 --- [SpringApplicationShutdownHook] com.zaxxer.hikari.HikariDataSource       : HikariPool-1 - Shutdown initiated...
12:38:17:098  INFO 19172 --- [SpringApplicationShutdownHook] com.zaxxer.hikari.HikariDataSource       : HikariPool-1 - Shutdown completed.
