19:00:47:847  INFO 936 --- [main] c.hmall.personnel.PersonnelApplication   : Starting PersonnelApplication using Java 11.0.12 on WWJT with PID 936 (E:\Cursor\ProjectCode\UnivTalentMGT\UnivTalentMGT\personnel-management-service\target\classes started by 23885 in E:\Cursor\ProjectCode\UnivTalentMGT\UnivTalentMGT)
19:00:47:849 DEBUG 936 --- [main] c.hmall.personnel.PersonnelApplication   : Running with Spring Boot v2.7.12, Spring v5.3.27
19:00:47:849  INFO 936 --- [main] c.hmall.personnel.PersonnelApplication   : The following 1 profile is active: "dev"
19:00:48:332  WARN 936 --- [main] ConfigServletWebServerApplicationContext : Exception encountered during context initialization - cancelling refresh attempt: org.springframework.beans.factory.BeanDefinitionStoreException: Failed to read candidate component class: URL [jar:file:/C:/Users/23885/.m2/repository/io/springfox/springfox-spring-webflux/3.0.0/springfox-spring-webflux-3.0.0.jar!/springfox/documentation/spring/web/plugins/WebFluxRequestHandlerProvider.class]; nested exception is java.lang.IllegalArgumentException: Unresolvable class definition for class [springfox.documentation.spring.web.OnReactiveWebApplication]
19:00:48:338  INFO 936 --- [main] ConditionEvaluationReportLoggingListener : 

Error starting ApplicationContext. To display the conditions report re-run your application with 'debug' enabled.
19:00:48:367 ERROR 936 --- [main] o.s.boot.SpringApplication               : Application run failed

org.springframework.beans.factory.BeanDefinitionStoreException: Failed to read candidate component class: URL [jar:file:/C:/Users/23885/.m2/repository/io/springfox/springfox-spring-webflux/3.0.0/springfox-spring-webflux-3.0.0.jar!/springfox/documentation/spring/web/plugins/WebFluxRequestHandlerProvider.class]; nested exception is java.lang.IllegalArgumentException: Unresolvable class definition for class [springfox.documentation.spring.web.OnReactiveWebApplication]
	at org.springframework.context.annotation.ClassPathScanningCandidateComponentProvider.scanCandidateComponents(ClassPathScanningCandidateComponentProvider.java:457) ~[spring-context-5.3.27.jar:5.3.27]
	at org.springframework.context.annotation.ClassPathScanningCandidateComponentProvider.findCandidateComponents(ClassPathScanningCandidateComponentProvider.java:316) ~[spring-context-5.3.27.jar:5.3.27]
	at org.springframework.context.annotation.ClassPathBeanDefinitionScanner.doScan(ClassPathBeanDefinitionScanner.java:276) ~[spring-context-5.3.27.jar:5.3.27]
	at org.springframework.context.annotation.ComponentScanAnnotationParser.parse(ComponentScanAnnotationParser.java:128) ~[spring-context-5.3.27.jar:5.3.27]
	at org.springframework.context.annotation.ConfigurationClassParser.doProcessConfigurationClass(ConfigurationClassParser.java:295) ~[spring-context-5.3.27.jar:5.3.27]
	at org.springframework.context.annotation.ConfigurationClassParser.processConfigurationClass(ConfigurationClassParser.java:249) ~[spring-context-5.3.27.jar:5.3.27]
	at org.springframework.context.annotation.ConfigurationClassParser.processImports(ConfigurationClassParser.java:599) ~[spring-context-5.3.27.jar:5.3.27]
	at org.springframework.context.annotation.ConfigurationClassParser.doProcessConfigurationClass(ConfigurationClassParser.java:310) ~[spring-context-5.3.27.jar:5.3.27]
	at org.springframework.context.annotation.ConfigurationClassParser.processConfigurationClass(ConfigurationClassParser.java:249) ~[spring-context-5.3.27.jar:5.3.27]
	at org.springframework.context.annotation.ConfigurationClassParser.processImports(ConfigurationClassParser.java:599) ~[spring-context-5.3.27.jar:5.3.27]
	at org.springframework.context.annotation.ConfigurationClassParser.doProcessConfigurationClass(ConfigurationClassParser.java:310) ~[spring-context-5.3.27.jar:5.3.27]
	at org.springframework.context.annotation.ConfigurationClassParser.processConfigurationClass(ConfigurationClassParser.java:249) ~[spring-context-5.3.27.jar:5.3.27]
	at org.springframework.context.annotation.ConfigurationClassParser.processMemberClasses(ConfigurationClassParser.java:371) ~[spring-context-5.3.27.jar:5.3.27]
	at org.springframework.context.annotation.ConfigurationClassParser.doProcessConfigurationClass(ConfigurationClassParser.java:271) ~[spring-context-5.3.27.jar:5.3.27]
	at org.springframework.context.annotation.ConfigurationClassParser.processConfigurationClass(ConfigurationClassParser.java:249) ~[spring-context-5.3.27.jar:5.3.27]
	at org.springframework.context.annotation.ConfigurationClassParser.processImports(ConfigurationClassParser.java:599) ~[spring-context-5.3.27.jar:5.3.27]
	at org.springframework.context.annotation.ConfigurationClassParser.access$800(ConfigurationClassParser.java:110) ~[spring-context-5.3.27.jar:5.3.27]
	at org.springframework.context.annotation.ConfigurationClassParser$DeferredImportSelectorGroupingHandler.lambda$processGroupImports$1(ConfigurationClassParser.java:812) ~[spring-context-5.3.27.jar:5.3.27]
	at java.base/java.util.ArrayList.forEach(ArrayList.java:1541) ~[na:na]
	at org.springframework.context.annotation.ConfigurationClassParser$DeferredImportSelectorGroupingHandler.processGroupImports(ConfigurationClassParser.java:809) ~[spring-context-5.3.27.jar:5.3.27]
	at org.springframework.context.annotation.ConfigurationClassParser$DeferredImportSelectorHandler.process(ConfigurationClassParser.java:780) ~[spring-context-5.3.27.jar:5.3.27]
	at org.springframework.context.annotation.ConfigurationClassParser.parse(ConfigurationClassParser.java:192) ~[spring-context-5.3.27.jar:5.3.27]
	at org.springframework.context.annotation.ConfigurationClassPostProcessor.processConfigBeanDefinitions(ConfigurationClassPostProcessor.java:331) ~[spring-context-5.3.27.jar:5.3.27]
	at org.springframework.context.annotation.ConfigurationClassPostProcessor.postProcessBeanDefinitionRegistry(ConfigurationClassPostProcessor.java:247) ~[spring-context-5.3.27.jar:5.3.27]
	at org.springframework.context.support.PostProcessorRegistrationDelegate.invokeBeanDefinitionRegistryPostProcessors(PostProcessorRegistrationDelegate.java:311) ~[spring-context-5.3.27.jar:5.3.27]
	at org.springframework.context.support.PostProcessorRegistrationDelegate.invokeBeanFactoryPostProcessors(PostProcessorRegistrationDelegate.java:112) ~[spring-context-5.3.27.jar:5.3.27]
	at org.springframework.context.support.AbstractApplicationContext.invokeBeanFactoryPostProcessors(AbstractApplicationContext.java:748) ~[spring-context-5.3.27.jar:5.3.27]
	at org.springframework.context.support.AbstractApplicationContext.refresh(AbstractApplicationContext.java:564) ~[spring-context-5.3.27.jar:5.3.27]
	at org.springframework.boot.web.servlet.context.ServletWebServerApplicationContext.refresh(ServletWebServerApplicationContext.java:147) ~[spring-boot-2.7.12.jar:2.7.12]
	at org.springframework.boot.SpringApplication.refresh(SpringApplication.java:731) ~[spring-boot-2.7.12.jar:2.7.12]
	at org.springframework.boot.SpringApplication.refreshContext(SpringApplication.java:408) ~[spring-boot-2.7.12.jar:2.7.12]
	at org.springframework.boot.SpringApplication.run(SpringApplication.java:307) ~[spring-boot-2.7.12.jar:2.7.12]
	at org.springframework.boot.SpringApplication.run(SpringApplication.java:1303) ~[spring-boot-2.7.12.jar:2.7.12]
	at org.springframework.boot.SpringApplication.run(SpringApplication.java:1292) ~[spring-boot-2.7.12.jar:2.7.12]
	at com.hmall.personnel.PersonnelApplication.main(PersonnelApplication.java:16) ~[classes/:na]
Caused by: java.lang.IllegalArgumentException: Unresolvable class definition for class [springfox.documentation.spring.web.OnReactiveWebApplication]
	at org.springframework.util.ClassUtils.resolveClassName(ClassUtils.java:331) ~[spring-core-5.3.27.jar:5.3.27]
	at org.springframework.context.annotation.ConditionEvaluator.getCondition(ConditionEvaluator.java:124) ~[spring-context-5.3.27.jar:5.3.27]
	at org.springframework.context.annotation.ConditionEvaluator.shouldSkip(ConditionEvaluator.java:96) ~[spring-context-5.3.27.jar:5.3.27]
	at org.springframework.context.annotation.ConditionEvaluator.shouldSkip(ConditionEvaluator.java:88) ~[spring-context-5.3.27.jar:5.3.27]
	at org.springframework.context.annotation.ConditionEvaluator.shouldSkip(ConditionEvaluator.java:71) ~[spring-context-5.3.27.jar:5.3.27]
	at org.springframework.context.annotation.ClassPathScanningCandidateComponentProvider.isConditionMatch(ClassPathScanningCandidateComponentProvider.java:512) ~[spring-context-5.3.27.jar:5.3.27]
	at org.springframework.context.annotation.ClassPathScanningCandidateComponentProvider.isCandidateComponent(ClassPathScanningCandidateComponentProvider.java:495) ~[spring-context-5.3.27.jar:5.3.27]
	at org.springframework.context.annotation.ClassPathScanningCandidateComponentProvider.scanCandidateComponents(ClassPathScanningCandidateComponentProvider.java:430) ~[spring-context-5.3.27.jar:5.3.27]
	... 34 common frames omitted
Caused by: java.lang.NoClassDefFoundError: springfox/documentation/common/ClassPresentInClassPathCondition
	at java.base/java.lang.ClassLoader.defineClass1(Native Method) ~[na:na]
	at java.base/java.lang.ClassLoader.defineClass(ClassLoader.java:1016) ~[na:na]
	at java.base/java.security.SecureClassLoader.defineClass(SecureClassLoader.java:174) ~[na:na]
	at java.base/jdk.internal.loader.BuiltinClassLoader.defineClass(BuiltinClassLoader.java:800) ~[na:na]
	at java.base/jdk.internal.loader.BuiltinClassLoader.findClassOnClassPathOrNull(BuiltinClassLoader.java:698) ~[na:na]
	at java.base/jdk.internal.loader.BuiltinClassLoader.loadClassOrNull(BuiltinClassLoader.java:621) ~[na:na]
	at java.base/jdk.internal.loader.BuiltinClassLoader.loadClass(BuiltinClassLoader.java:579) ~[na:na]
	at java.base/jdk.internal.loader.ClassLoaders$AppClassLoader.loadClass(ClassLoaders.java:178) ~[na:na]
	at java.base/java.lang.ClassLoader.loadClass(ClassLoader.java:521) ~[na:na]
	at java.base/java.lang.Class.forName0(Native Method) ~[na:na]
	at java.base/java.lang.Class.forName(Class.java:398) ~[na:na]
	at org.springframework.util.ClassUtils.forName(ClassUtils.java:284) ~[spring-core-5.3.27.jar:5.3.27]
	at org.springframework.util.ClassUtils.resolveClassName(ClassUtils.java:324) ~[spring-core-5.3.27.jar:5.3.27]
	... 41 common frames omitted
Caused by: java.lang.ClassNotFoundException: springfox.documentation.common.ClassPresentInClassPathCondition
	at java.base/jdk.internal.loader.BuiltinClassLoader.loadClass(BuiltinClassLoader.java:581) ~[na:na]
	at java.base/jdk.internal.loader.ClassLoaders$AppClassLoader.loadClass(ClassLoaders.java:178) ~[na:na]
	at java.base/java.lang.ClassLoader.loadClass(ClassLoader.java:521) ~[na:na]
	... 54 common frames omitted

19:12:12:424  INFO 27056 --- [main] c.hmall.personnel.PersonnelApplication   : Starting PersonnelApplication using Java 11.0.12 on WWJT with PID 27056 (E:\Cursor\ProjectCode\UnivTalentMGT\UnivTalentMGT\personnel-management-service\target\classes started by 23885 in E:\Cursor\ProjectCode\UnivTalentMGT\UnivTalentMGT)
19:12:12:428 DEBUG 27056 --- [main] c.hmall.personnel.PersonnelApplication   : Running with Spring Boot v2.7.12, Spring v5.3.27
19:12:12:429  INFO 27056 --- [main] c.hmall.personnel.PersonnelApplication   : The following 1 profile is active: "dev"
19:12:13:366  WARN 27056 --- [main] ConfigServletWebServerApplicationContext : Exception encountered during context initialization - cancelling refresh attempt: org.springframework.beans.factory.BeanDefinitionStoreException: Failed to read candidate component class: URL [jar:file:/C:/Users/23885/.m2/repository/io/springfox/springfox-spring-webflux/3.0.0/springfox-spring-webflux-3.0.0.jar!/springfox/documentation/spring/web/plugins/WebFluxRequestHandlerProvider.class]; nested exception is java.lang.IllegalArgumentException: Unresolvable class definition for class [springfox.documentation.spring.web.OnReactiveWebApplication]
19:12:13:378  INFO 27056 --- [main] ConditionEvaluationReportLoggingListener : 

Error starting ApplicationContext. To display the conditions report re-run your application with 'debug' enabled.
19:12:13:439 ERROR 27056 --- [main] o.s.boot.SpringApplication               : Application run failed

org.springframework.beans.factory.BeanDefinitionStoreException: Failed to read candidate component class: URL [jar:file:/C:/Users/23885/.m2/repository/io/springfox/springfox-spring-webflux/3.0.0/springfox-spring-webflux-3.0.0.jar!/springfox/documentation/spring/web/plugins/WebFluxRequestHandlerProvider.class]; nested exception is java.lang.IllegalArgumentException: Unresolvable class definition for class [springfox.documentation.spring.web.OnReactiveWebApplication]
	at org.springframework.context.annotation.ClassPathScanningCandidateComponentProvider.scanCandidateComponents(ClassPathScanningCandidateComponentProvider.java:457) ~[spring-context-5.3.27.jar:5.3.27]
	at org.springframework.context.annotation.ClassPathScanningCandidateComponentProvider.findCandidateComponents(ClassPathScanningCandidateComponentProvider.java:316) ~[spring-context-5.3.27.jar:5.3.27]
	at org.springframework.context.annotation.ClassPathBeanDefinitionScanner.doScan(ClassPathBeanDefinitionScanner.java:276) ~[spring-context-5.3.27.jar:5.3.27]
	at org.springframework.context.annotation.ComponentScanAnnotationParser.parse(ComponentScanAnnotationParser.java:128) ~[spring-context-5.3.27.jar:5.3.27]
	at org.springframework.context.annotation.ConfigurationClassParser.doProcessConfigurationClass(ConfigurationClassParser.java:295) ~[spring-context-5.3.27.jar:5.3.27]
	at org.springframework.context.annotation.ConfigurationClassParser.processConfigurationClass(ConfigurationClassParser.java:249) ~[spring-context-5.3.27.jar:5.3.27]
	at org.springframework.context.annotation.ConfigurationClassParser.processImports(ConfigurationClassParser.java:599) ~[spring-context-5.3.27.jar:5.3.27]
	at org.springframework.context.annotation.ConfigurationClassParser.doProcessConfigurationClass(ConfigurationClassParser.java:310) ~[spring-context-5.3.27.jar:5.3.27]
	at org.springframework.context.annotation.ConfigurationClassParser.processConfigurationClass(ConfigurationClassParser.java:249) ~[spring-context-5.3.27.jar:5.3.27]
	at org.springframework.context.annotation.ConfigurationClassParser.processImports(ConfigurationClassParser.java:599) ~[spring-context-5.3.27.jar:5.3.27]
	at org.springframework.context.annotation.ConfigurationClassParser.doProcessConfigurationClass(ConfigurationClassParser.java:310) ~[spring-context-5.3.27.jar:5.3.27]
	at org.springframework.context.annotation.ConfigurationClassParser.processConfigurationClass(ConfigurationClassParser.java:249) ~[spring-context-5.3.27.jar:5.3.27]
	at org.springframework.context.annotation.ConfigurationClassParser.processMemberClasses(ConfigurationClassParser.java:371) ~[spring-context-5.3.27.jar:5.3.27]
	at org.springframework.context.annotation.ConfigurationClassParser.doProcessConfigurationClass(ConfigurationClassParser.java:271) ~[spring-context-5.3.27.jar:5.3.27]
	at org.springframework.context.annotation.ConfigurationClassParser.processConfigurationClass(ConfigurationClassParser.java:249) ~[spring-context-5.3.27.jar:5.3.27]
	at org.springframework.context.annotation.ConfigurationClassParser.processImports(ConfigurationClassParser.java:599) ~[spring-context-5.3.27.jar:5.3.27]
	at org.springframework.context.annotation.ConfigurationClassParser.access$800(ConfigurationClassParser.java:110) ~[spring-context-5.3.27.jar:5.3.27]
	at org.springframework.context.annotation.ConfigurationClassParser$DeferredImportSelectorGroupingHandler.lambda$processGroupImports$1(ConfigurationClassParser.java:812) ~[spring-context-5.3.27.jar:5.3.27]
	at java.base/java.util.ArrayList.forEach(ArrayList.java:1541) ~[na:na]
	at org.springframework.context.annotation.ConfigurationClassParser$DeferredImportSelectorGroupingHandler.processGroupImports(ConfigurationClassParser.java:809) ~[spring-context-5.3.27.jar:5.3.27]
	at org.springframework.context.annotation.ConfigurationClassParser$DeferredImportSelectorHandler.process(ConfigurationClassParser.java:780) ~[spring-context-5.3.27.jar:5.3.27]
	at org.springframework.context.annotation.ConfigurationClassParser.parse(ConfigurationClassParser.java:192) ~[spring-context-5.3.27.jar:5.3.27]
	at org.springframework.context.annotation.ConfigurationClassPostProcessor.processConfigBeanDefinitions(ConfigurationClassPostProcessor.java:331) ~[spring-context-5.3.27.jar:5.3.27]
	at org.springframework.context.annotation.ConfigurationClassPostProcessor.postProcessBeanDefinitionRegistry(ConfigurationClassPostProcessor.java:247) ~[spring-context-5.3.27.jar:5.3.27]
	at org.springframework.context.support.PostProcessorRegistrationDelegate.invokeBeanDefinitionRegistryPostProcessors(PostProcessorRegistrationDelegate.java:311) ~[spring-context-5.3.27.jar:5.3.27]
	at org.springframework.context.support.PostProcessorRegistrationDelegate.invokeBeanFactoryPostProcessors(PostProcessorRegistrationDelegate.java:112) ~[spring-context-5.3.27.jar:5.3.27]
	at org.springframework.context.support.AbstractApplicationContext.invokeBeanFactoryPostProcessors(AbstractApplicationContext.java:748) ~[spring-context-5.3.27.jar:5.3.27]
	at org.springframework.context.support.AbstractApplicationContext.refresh(AbstractApplicationContext.java:564) ~[spring-context-5.3.27.jar:5.3.27]
	at org.springframework.boot.web.servlet.context.ServletWebServerApplicationContext.refresh(ServletWebServerApplicationContext.java:147) ~[spring-boot-2.7.12.jar:2.7.12]
	at org.springframework.boot.SpringApplication.refresh(SpringApplication.java:731) ~[spring-boot-2.7.12.jar:2.7.12]
	at org.springframework.boot.SpringApplication.refreshContext(SpringApplication.java:408) ~[spring-boot-2.7.12.jar:2.7.12]
	at org.springframework.boot.SpringApplication.run(SpringApplication.java:307) ~[spring-boot-2.7.12.jar:2.7.12]
	at org.springframework.boot.SpringApplication.run(SpringApplication.java:1303) ~[spring-boot-2.7.12.jar:2.7.12]
	at org.springframework.boot.SpringApplication.run(SpringApplication.java:1292) ~[spring-boot-2.7.12.jar:2.7.12]
	at com.hmall.personnel.PersonnelApplication.main(PersonnelApplication.java:16) ~[classes/:na]
Caused by: java.lang.IllegalArgumentException: Unresolvable class definition for class [springfox.documentation.spring.web.OnReactiveWebApplication]
	at org.springframework.util.ClassUtils.resolveClassName(ClassUtils.java:331) ~[spring-core-5.3.27.jar:5.3.27]
	at org.springframework.context.annotation.ConditionEvaluator.getCondition(ConditionEvaluator.java:124) ~[spring-context-5.3.27.jar:5.3.27]
	at org.springframework.context.annotation.ConditionEvaluator.shouldSkip(ConditionEvaluator.java:96) ~[spring-context-5.3.27.jar:5.3.27]
	at org.springframework.context.annotation.ConditionEvaluator.shouldSkip(ConditionEvaluator.java:88) ~[spring-context-5.3.27.jar:5.3.27]
	at org.springframework.context.annotation.ConditionEvaluator.shouldSkip(ConditionEvaluator.java:71) ~[spring-context-5.3.27.jar:5.3.27]
	at org.springframework.context.annotation.ClassPathScanningCandidateComponentProvider.isConditionMatch(ClassPathScanningCandidateComponentProvider.java:512) ~[spring-context-5.3.27.jar:5.3.27]
	at org.springframework.context.annotation.ClassPathScanningCandidateComponentProvider.isCandidateComponent(ClassPathScanningCandidateComponentProvider.java:495) ~[spring-context-5.3.27.jar:5.3.27]
	at org.springframework.context.annotation.ClassPathScanningCandidateComponentProvider.scanCandidateComponents(ClassPathScanningCandidateComponentProvider.java:430) ~[spring-context-5.3.27.jar:5.3.27]
	... 34 common frames omitted
Caused by: java.lang.NoClassDefFoundError: springfox/documentation/common/ClassPresentInClassPathCondition
	at java.base/java.lang.ClassLoader.defineClass1(Native Method) ~[na:na]
	at java.base/java.lang.ClassLoader.defineClass(ClassLoader.java:1016) ~[na:na]
	at java.base/java.security.SecureClassLoader.defineClass(SecureClassLoader.java:174) ~[na:na]
	at java.base/jdk.internal.loader.BuiltinClassLoader.defineClass(BuiltinClassLoader.java:800) ~[na:na]
	at java.base/jdk.internal.loader.BuiltinClassLoader.findClassOnClassPathOrNull(BuiltinClassLoader.java:698) ~[na:na]
	at java.base/jdk.internal.loader.BuiltinClassLoader.loadClassOrNull(BuiltinClassLoader.java:621) ~[na:na]
	at java.base/jdk.internal.loader.BuiltinClassLoader.loadClass(BuiltinClassLoader.java:579) ~[na:na]
	at java.base/jdk.internal.loader.ClassLoaders$AppClassLoader.loadClass(ClassLoaders.java:178) ~[na:na]
	at java.base/java.lang.ClassLoader.loadClass(ClassLoader.java:521) ~[na:na]
	at java.base/java.lang.Class.forName0(Native Method) ~[na:na]
	at java.base/java.lang.Class.forName(Class.java:398) ~[na:na]
	at org.springframework.util.ClassUtils.forName(ClassUtils.java:284) ~[spring-core-5.3.27.jar:5.3.27]
	at org.springframework.util.ClassUtils.resolveClassName(ClassUtils.java:324) ~[spring-core-5.3.27.jar:5.3.27]
	... 41 common frames omitted
Caused by: java.lang.ClassNotFoundException: springfox.documentation.common.ClassPresentInClassPathCondition
	at java.base/jdk.internal.loader.BuiltinClassLoader.loadClass(BuiltinClassLoader.java:581) ~[na:na]
	at java.base/jdk.internal.loader.ClassLoaders$AppClassLoader.loadClass(ClassLoaders.java:178) ~[na:na]
	at java.base/java.lang.ClassLoader.loadClass(ClassLoader.java:521) ~[na:na]
	... 54 common frames omitted

