18:36:43:277  INFO 32124 --- [main] com.hmall.user.UserApplication           : Starting UserApplication using Java 17.0.7 on WWJT with PID 32124 (E:\Cursor\ProjectCode\UnivTalentMGT\UnivTalentMGT\user-service\target\classes started by 23885 in E:\Cursor\ProjectCode\UnivTalentMGT\UnivTalentMGT\user-service)
18:36:43:279 DEBUG 32124 --- [main] com.hmall.user.UserApplication           : Running with Spring Boot v2.7.12, Spring v5.3.27
18:36:43:280  INFO 32124 --- [main] com.hmall.user.UserApplication           : The following 1 profile is active: "dev"
18:36:44:427  INFO 32124 --- [main] .s.d.r.c.RepositoryConfigurationDelegate : Bootstrapping Spring Data JPA repositories in DEFAULT mode.
18:36:44:453  INFO 32124 --- [main] .s.d.r.c.RepositoryConfigurationDelegate : Finished Spring Data repository scanning in 14 ms. Found 0 JPA repository interfaces.
18:36:44:728  INFO 32124 --- [main] o.s.cloud.context.scope.GenericScope     : BeanFactory id=3ed8d210-7561-3ae0-bab9-b0102b9eb33e
18:36:45:312  INFO 32124 --- [main] o.s.b.w.embedded.tomcat.TomcatWebServer  : Tomcat initialized with port(s): 8084 (http)
18:36:45:313  INFO 32124 --- [main] o.a.catalina.core.AprLifecycleListener   : Loaded Apache Tomcat Native library [1.3.0] using APR version [1.7.4].
18:36:45:314  INFO 32124 --- [main] o.a.catalina.core.AprLifecycleListener   : APR capabilities: IPv6 [true], sendfile [true], accept filters [false], random [true], UDS [true].
18:36:45:315  INFO 32124 --- [main] o.a.catalina.core.AprLifecycleListener   : APR/OpenSSL configuration: useAprConnector [false], useOpenSSL [true]
18:36:45:323  INFO 32124 --- [main] o.a.catalina.core.AprLifecycleListener   : OpenSSL successfully initialized [OpenSSL 3.0.13 30 Jan 2024]
18:36:45:335  INFO 32124 --- [main] o.apache.catalina.core.StandardService   : Starting service [Tomcat]
18:36:45:336  INFO 32124 --- [main] org.apache.catalina.core.StandardEngine  : Starting Servlet engine: [Apache Tomcat/9.0.75]
18:36:45:487  INFO 32124 --- [main] o.a.c.c.C.[Tomcat].[localhost].[/]       : Initializing Spring embedded WebApplicationContext
18:36:45:488  INFO 32124 --- [main] w.s.c.ServletWebServerApplicationContext : Root WebApplicationContext: initialization completed in 2162 ms
18:36:45:625  INFO 32124 --- [main] com.zaxxer.hikari.HikariDataSource       : HikariPool-1 - Starting...
18:36:51:830  INFO 32124 --- [main] com.zaxxer.hikari.HikariDataSource       : HikariPool-1 - Start completed.
18:36:51:867  INFO 32124 --- [main] o.hibernate.jpa.internal.util.LogHelper  : HHH000204: Processing PersistenceUnitInfo [name: default]
18:36:51:913  INFO 32124 --- [main] org.hibernate.Version                    : HHH000412: Hibernate ORM core version 5.6.15.Final
18:36:52:053  INFO 32124 --- [main] o.hibernate.annotations.common.Version   : HCANN000001: Hibernate Commons Annotations {5.1.2.Final}
18:36:52:152  INFO 32124 --- [main] org.hibernate.dialect.Dialect            : HHH000400: Using dialect: org.hibernate.dialect.MySQL8Dialect
18:36:52:286  INFO 32124 --- [main] o.h.e.t.j.p.i.JtaPlatformInitiator       : HHH000490: Using JtaPlatform implementation: [org.hibernate.engine.transaction.jta.platform.internal.NoJtaPlatform]
18:36:52:293  INFO 32124 --- [main] j.LocalContainerEntityManagerFactoryBean : Initialized JPA EntityManagerFactory for persistence unit 'default'
18:36:53:312  WARN 32124 --- [main] JpaBaseConfiguration$JpaWebConfiguration : spring.jpa.open-in-view is enabled by default. Therefore, database queries may be performed during view rendering. Explicitly configure spring.jpa.open-in-view to disable this warning
18:36:54:965  INFO 32124 --- [main] o.s.cloud.commons.util.InetUtils         : Cannot determine local hostname
18:36:54:988  INFO 32124 --- [main] pertySourcedRequestMappingHandlerMapping : Mapped URL path [/v2/api-docs] onto method [springfox.documentation.swagger2.web.Swagger2ControllerWebMvc#getDocumentation(String, HttpServletRequest)]
18:36:56:570  INFO 32124 --- [main] o.s.cloud.commons.util.InetUtils         : Cannot determine local hostname
18:36:56:717  INFO 32124 --- [main] com.alibaba.nacos.common.remote.client   : [RpcClientFactory] create a new rpc client of a9637758-4b0d-4212-8a26-eff2bfe39434
18:36:56:769  INFO 32124 --- [main] org.reflections.Reflections              : Reflections took 21 ms to scan 1 urls, producing 3 keys and 6 values 
18:36:56:790  INFO 32124 --- [main] org.reflections.Reflections              : Reflections took 6 ms to scan 1 urls, producing 4 keys and 9 values 
18:36:56:796  INFO 32124 --- [main] org.reflections.Reflections              : Reflections took 4 ms to scan 1 urls, producing 3 keys and 10 values 
18:36:56:799  WARN 32124 --- [main] org.reflections.Reflections              : given scan urls are empty. set urls in the configuration
18:36:56:804  INFO 32124 --- [main] org.reflections.Reflections              : Reflections took 5 ms to scan 1 urls, producing 1 keys and 5 values 
18:36:56:811  INFO 32124 --- [main] org.reflections.Reflections              : Reflections took 6 ms to scan 1 urls, producing 1 keys and 7 values 
18:36:56:817  INFO 32124 --- [main] org.reflections.Reflections              : Reflections took 4 ms to scan 1 urls, producing 2 keys and 8 values 
18:36:56:821  WARN 32124 --- [main] org.reflections.Reflections              : given scan urls are empty. set urls in the configuration
18:36:56:822  INFO 32124 --- [main] com.alibaba.nacos.common.remote.client   : [a9637758-4b0d-4212-8a26-eff2bfe39434] RpcClient init label, labels = {module=naming, source=sdk}
18:36:56:824  INFO 32124 --- [main] com.alibaba.nacos.common.remote.client   : [a9637758-4b0d-4212-8a26-eff2bfe39434] RpcClient init, ServerListFactory = com.alibaba.nacos.client.naming.core.ServerListManager
18:36:56:824  INFO 32124 --- [main] com.alibaba.nacos.common.remote.client   : [a9637758-4b0d-4212-8a26-eff2bfe39434] Registry connection listener to current client:com.alibaba.nacos.client.naming.remote.gprc.redo.NamingGrpcRedoService
18:36:56:825  INFO 32124 --- [main] com.alibaba.nacos.common.remote.client   : [a9637758-4b0d-4212-8a26-eff2bfe39434] Register server push request handler:com.alibaba.nacos.client.naming.remote.gprc.NamingPushRequestHandler
18:36:56:827  INFO 32124 --- [main] com.alibaba.nacos.common.remote.client   : [a9637758-4b0d-4212-8a26-eff2bfe39434] Try to connect to server on start up, server: {serverIp = '8.217.163.166', server main port = 8848}
18:36:59:398  INFO 32124 --- [main] com.alibaba.nacos.common.remote.client   : [a9637758-4b0d-4212-8a26-eff2bfe39434] Success to connect to server [8.217.163.166:8848] on start up, connectionId = 1750588620266_222.81.167.5_9638
18:36:59:399  INFO 32124 --- [com.alibaba.nacos.client.remote.worker] com.alibaba.nacos.common.remote.client   : [a9637758-4b0d-4212-8a26-eff2bfe39434] Notify connected event to listeners.
18:36:59:399  INFO 32124 --- [main] com.alibaba.nacos.common.remote.client   : [a9637758-4b0d-4212-8a26-eff2bfe39434] Register server push request handler:com.alibaba.nacos.common.remote.client.RpcClient$ConnectResetRequestHandler
18:36:59:400  INFO 32124 --- [main] com.alibaba.nacos.common.remote.client   : [a9637758-4b0d-4212-8a26-eff2bfe39434] Register server push request handler:com.alibaba.nacos.common.remote.client.RpcClient$$Lambda$1137/0x000000080161b690
18:36:59:550  INFO 32124 --- [main] o.s.b.w.embedded.tomcat.TomcatWebServer  : Tomcat started on port(s): 8084 (http) with context path ''
18:36:59:670  INFO 32124 --- [main] c.a.c.n.registry.NacosServiceRegistry    : nacos registry, DEFAULT_GROUP user-service 192.168.81.1:8084 register finished
18:37:00:436  INFO 32124 --- [nacos-grpc-client-executor-8] com.alibaba.nacos.common.remote.client   : [a9637758-4b0d-4212-8a26-eff2bfe39434] Receive server push request, request = NotifySubscriberRequest, requestId = 12
18:37:00:439  INFO 32124 --- [nacos-grpc-client-executor-8] com.alibaba.nacos.common.remote.client   : [a9637758-4b0d-4212-8a26-eff2bfe39434] Ack server push request, request = NotifySubscriberRequest, requestId = 12
18:37:01:291  INFO 32124 --- [main] o.s.cloud.commons.util.InetUtils         : Cannot determine local hostname
18:37:01:292  INFO 32124 --- [main] d.s.w.p.DocumentationPluginsBootstrapper : Documentation plugins bootstrapped
18:37:01:295  INFO 32124 --- [main] d.s.w.p.DocumentationPluginsBootstrapper : Found 1 custom documentation plugin(s)
18:37:01:313  INFO 32124 --- [main] s.d.s.w.s.ApiListingReferenceScanner     : Scanning for api listing references
18:37:01:323  INFO 32124 --- [main] com.hmall.user.UserApplication           : Started UserApplication in 19.927 seconds (JVM running for 20.254)
